Starting Jupyter from /usr/bin/python with command line --no-browser --notebook-dir="/home/karolproksa/crypto-mining-script" --config=/tmp/6db784b8-8c87-49c5-9db0-2d4b3411528f/jupyter_notebook_config.py --NotebookApp.iopub_data_rate_limit=10000000000.0
[I 01:22:26.408 NotebookApp] Writing notebook server cookie secret to /home/karolproksa/.local/share/jupyter/runtime/notebook_cookie_secret
[I 01:22:26.565 NotebookApp] Serving notebooks from local directory: /home/karolproksa/crypto-mining-script
[I 01:22:26.565 NotebookApp] Jupyter Notebook 6.4.0 is running at:
[I 01:22:26.565 NotebookApp] http://localhost:8888/?token=0533c1dd54feb0a8d1e0942296908fd4aadcf861545dd2da
[I 01:22:26.565 NotebookApp]  or http://127.0.0.1:8888/?token=0533c1dd54feb0a8d1e0942296908fd4aadcf861545dd2da
[I 01:22:26.565 NotebookApp] Use Control-C to stop this server and shut down all kernels (twice to skip confirmation).
[C 01:22:26.568 NotebookApp] 
    
    To access the notebook, open this file in a browser:
        file:///home/karolproksa/.local/share/jupyter/runtime/nbserver-70534-open.html
    Or copy and paste one of these URLs:
        http://localhost:8888/?token=0533c1dd54feb0a8d1e0942296908fd4aadcf861545dd2da
     or http://127.0.0.1:8888/?token=0533c1dd54feb0a8d1e0942296908fd4aadcf861545dd2da
[I 01:22:26.892 NotebookApp] Creating new notebook in /
[I 01:22:26.903 NotebookApp] Writing notebook-signing key to /home/karolproksa/.local/share/jupyter/notebook_secret
[I 01:22:26.980 NotebookApp] Kernel started: d379443c-2254-4131-bde9-45653de683fa, name: python39664bit64dd8ad148fc4c308415bb92a54058bc
[W 01:22:26.997 NotebookApp] delete /t-f87ca067-74a8-488a-a11e-505211b25e1c.ipynb
[I 01:22:27.364 NotebookApp] Creating new notebook in /
[I 01:22:27.387 NotebookApp] Kernel started: 611b00e7-9b37-44d9-bbf0-ab2d47379455, name: python39664bit64dd8ad148fc4c308415bb92a54058bc
[W 01:22:27.396 NotebookApp] delete /t-132d9fdb-bc70-4c71-b7ff-de30780f7c88.ipynb
[I 01:22:27.920 NotebookApp] Creating new notebook in /
[I 01:22:27.943 NotebookApp] Kernel started: da73f151-7333-4c92-9cfe-ada84c408032, name: python39664bit64dd8ad148fc4c308415bb92a54058bc
[W 01:22:27.949 NotebookApp] delete /t-347bbdbf-6e24-4990-8fb6-afaf3fa4f87c.ipynb
