INFO 6/13/2021, 3:58:56 PM  ------------------start------------------
INFO 6/13/2021, 3:58:56 PM  typora version: 0.10.11
INFO 6/13/2021, 3:58:56 PM  [Raven] instanceKey = 64247030-3d61-49fb-92e9-1972a9afc773
INFO 6/13/2021, 3:58:56 PM  added recovery 1 null undefined (0)
INFO 6/13/2021, 3:58:56 PM  [Raven] userId = d3e9326e-b2d0-48e9-8f48-82d218e055ff
INFO 6/13/2021, 3:58:56 PM  [focus] 1
INFO 6/13/2021, 3:58:56 PM  synced recovery
INFO 6/13/2021, 3:58:57 PM  handle document.loadInitData
INFO 6/13/2021, 3:58:57 PM  added recovery 1 undefined undefined (0)
INFO 6/13/2021, 3:58:57 PM  synced recovery
INFO 6/13/2021, 3:58:57 PM  [blur] 1
INFO 6/13/2021, 3:58:57 PM  [win] blur
INFO 6/13/2021, 3:58:58 PM  [focus] 1
INFO 6/13/2021, 3:58:59 PM  [blur] 1
INFO 6/13/2021, 3:58:59 PM  [win] blur
INFO 6/13/2021, 4:00:58 PM  [focus] 1
INFO 6/13/2021, 4:00:59 PM  synced recovery
INFO 6/13/2021, 4:00:59 PM  ----------------before-quit-----------------
INFO 6/13/2021, 4:00:59 PM  ------------------will-quit------------------
INFO 6/13/2021, 4:00:59 PM  -----------------quit------------------
INFO 6/13/2021, 4:00:59 PM  closeLogging
INFO 6/14/2021, 10:58:20 AM  ------------------start------------------
INFO 6/14/2021, 10:58:20 AM  typora version: 0.10.11
INFO 6/14/2021, 10:58:20 AM  [Raven] instanceKey = ff4c2723-cdd4-445a-957b-3b2bf8debd40
INFO 6/14/2021, 10:58:20 AM  added recovery 1 null undefined (0)
INFO 6/14/2021, 10:58:20 AM  [Raven] userId = d3e9326e-b2d0-48e9-8f48-82d218e055ff
INFO 6/14/2021, 10:58:20 AM  [focus] 1
INFO 6/14/2021, 10:58:20 AM  synced recovery
INFO 6/14/2021, 10:58:20 AM  handle document.loadInitData
INFO 6/14/2021, 10:58:20 AM  added recovery 1 undefined undefined (0)
INFO 6/14/2021, 10:58:20 AM  synced recovery
INFO 6/14/2021, 10:58:27 AM  added recovery 1 undefined d (1)
INFO 6/14/2021, 10:58:27 AM  synced recovery
INFO 6/14/2021, 10:58:28 AM  added recovery 1 undefined disp (4)
INFO 6/14/2021, 10:58:28 AM  synced recovery
INFO 6/14/2021, 10:58:28 AM  added recovery 1 undefined dispe (5)
INFO 6/14/2021, 10:58:28 AM  synced recovery
INFO 6/14/2021, 10:58:35 AM  [blur] 1
INFO 6/14/2021, 10:58:35 AM  [win] blur
INFO 6/14/2021, 10:59:38 AM  [focus] 1
INFO 6/14/2021, 10:59:38 AM  added recovery 1 undefined dispel (6)
INFO 6/14/2021, 10:59:38 AM  synced recovery
INFO 6/14/2021, 10:59:40 AM  added recovery 1 undefined dispel

ferocious (17)
INFO 6/14/2021, 10:59:40 AM  synced recovery
INFO 6/14/2021, 10:59:41 AM  [blur] 1
INFO 6/14/2021, 10:59:41 AM  [win] blur
INFO 6/14/2021, 11:11:20 AM  [focus] 1
INFO 6/14/2021, 11:11:20 AM  added recovery 1 undefined dispel

ferocious (17)
INFO 6/14/2021, 11:11:20 AM  synced recovery
INFO 6/14/2021, 11:11:21 AM  added recovery 1 undefined dispel

ferocious

i (20)
INFO 6/14/2021, 11:11:21 AM  synced recovery
INFO 6/14/2021, 11:11:23 AM  [blur] 1
INFO 6/14/2021, 11:11:23 AM  [win] blur
INFO 6/14/2021, 11:11:39 AM  [focus] 1
INFO 6/14/2021, 11:11:40 AM  [blur] 1
INFO 6/14/2021, 11:11:40 AM  [win] blur
INFO 6/14/2021, 11:11:45 AM  [focus] 1
INFO 6/14/2021, 11:11:45 AM  added recovery 1 undefined dispel

ferocious

inability (28)
INFO 6/14/2021, 11:11:45 AM  synced recovery
INFO 6/14/2021, 11:11:46 AM  added recovery 1 undefined dispel

ferocious

inability

s (31)
INFO 6/14/2021, 11:11:46 AM  synced recovery
INFO 6/14/2021, 11:11:48 AM  [blur] 1
INFO 6/14/2021, 11:11:48 AM  [win] blur
INFO 6/14/2021, 11:11:51 AM  [focus] 1
INFO 6/14/2021, 11:11:51 AM  added recovery 1 undefined dispel

ferocious

inability

severity (38)
INFO 6/14/2021, 11:11:51 AM  synced recovery
INFO 6/14/2021, 11:11:51 AM  added recovery 1 undefined dispel

ferocious

inability

severity

s (41)
INFO 6/14/2021, 11:11:51 AM  synced recovery
INFO 6/14/2021, 11:11:55 AM  [blur] 1
INFO 6/14/2021, 11:11:55 AM  [win] blur
INFO 6/14/2021, 11:21:19 AM  [focus] 1
INFO 6/14/2021, 11:21:23 AM  [blur] 1
INFO 6/14/2021, 11:21:23 AM  [win] blur
INFO 6/14/2021, 11:25:45 AM  [focus] 1
INFO 6/14/2021, 11:25:45 AM  added recovery 1 undefined dispel

ferocious

inability

severity

strength (48)
INFO 6/14/2021, 11:25:45 AM  synced recovery
INFO 6/14/2021, 11:25:46 AM  added recovery 1 undefined "dispel

ferocio...ty

strength

f" (51)
INFO 6/14/2021, 11:25:46 AM  synced recovery
INFO 6/14/2021, 11:25:48 AM  [blur] 1
INFO 6/14/2021, 11:25:48 AM  [win] blur
INFO 6/14/2021, 11:27:28 AM  [focus] 1
INFO 6/14/2021, 11:27:29 AM  added recovery 1 undefined "dispel

ferocio...ength

foremost" (58)
INFO 6/14/2021, 11:27:29 AM  synced recovery
INFO 6/14/2021, 11:27:30 AM  added recovery 1 undefined "dispel

ferocio...th

foremost

p" (61)
INFO 6/14/2021, 11:27:30 AM  synced recovery
INFO 6/14/2021, 11:27:32 AM  [blur] 1
INFO 6/14/2021, 11:27:32 AM  [win] blur
INFO 6/14/2021, 11:28:04 AM  [focus] 1
INFO 6/14/2021, 11:28:05 AM  added recovery 1 undefined "dispel

ferocio...ost

pertaining" (70)
INFO 6/14/2021, 11:28:05 AM  synced recovery
INFO 6/14/2021, 11:28:06 AM  added recovery 1 undefined "dispel

ferocio...

pertaining

e" (73)
INFO 6/14/2021, 11:28:06 AM  synced recovery
INFO 6/14/2021, 11:29:33 AM  [blur] 1
INFO 6/14/2021, 11:29:33 AM  [win] blur
INFO 6/14/2021, 11:29:55 AM  [focus] 1
INFO 6/14/2021, 11:29:56 AM  added recovery 1 undefined "dispel

ferocio...

extrapolating" (85)
INFO 6/14/2021, 11:29:56 AM  synced recovery
INFO 6/14/2021, 11:29:56 AM  added recovery 1 undefined "dispel

ferocio...ating

taxonomy" (95)
INFO 6/14/2021, 11:29:56 AM  synced recovery
INFO 6/14/2021, 11:29:56 AM  [blur] 1
INFO 6/14/2021, 11:29:56 AM  [win] blur
INFO 6/14/2021, 11:30:04 AM  [focus] 1
INFO 6/14/2021, 11:30:05 AM  added recovery 1 undefined "dispel

ferocio...ating

taxonomy" (95)
INFO 6/14/2021, 11:30:05 AM  synced recovery
INFO 6/14/2021, 11:30:05 AM  added recovery 1 undefined "dispel

ferocio...my

anachronism" (108)
INFO 6/14/2021, 11:30:05 AM  synced recovery
INFO 6/14/2021, 11:30:09 AM  [blur] 1
INFO 6/14/2021, 11:30:09 AM  [win] blur
INFO 6/14/2021, 12:44:52 PM  [focus] 1
INFO 6/14/2021, 12:44:52 PM  added recovery 1 undefined "dispel

ferocio...my

anachronism" (108)
INFO 6/14/2021, 12:44:52 PM  synced recovery
INFO 6/14/2021, 12:44:53 PM  added recovery 1 undefined "dispel

ferocio...
anachronism

t" (111)
INFO 6/14/2021, 12:44:53 PM  synced recovery
INFO 6/14/2021, 12:44:58 PM  added recovery 1 undefined "dispel

ferocio...hronism

throng" (116)
INFO 6/14/2021, 12:44:58 PM  synced recovery
INFO 6/14/2021, 12:45:00 PM  [blur] 1
INFO 6/14/2021, 12:45:00 PM  [win] blur
INFO 6/14/2021, 12:45:05 PM  [focus] 1
INFO 6/14/2021, 12:45:06 PM  added recovery 1 undefined "dispel

ferocio...nism

throng

g" (119)
INFO 6/14/2021, 12:45:06 PM  synced recovery
INFO 6/14/2021, 12:45:08 PM  added recovery 1 undefined "dispel

ferocio...
throng

gawp

" (124)
INFO 6/14/2021, 12:45:08 PM  synced recovery
INFO 6/14/2021, 12:45:09 PM  [blur] 1
INFO 6/14/2021, 12:45:09 PM  [win] blur
INFO 6/14/2021, 12:46:01 PM  [focus] 1
INFO 6/14/2021, 12:46:01 PM  added recovery 1 undefined "dispel

ferocio...awp

flamboyant" (134)
INFO 6/14/2021, 12:46:01 PM  synced recovery
INFO 6/14/2021, 12:46:02 PM  [blur] 1
INFO 6/14/2021, 12:46:02 PM  [win] blur
INFO 6/14/2021, 12:46:25 PM  [focus] 1
INFO 6/14/2021, 12:46:25 PM  added recovery 1 undefined "dispel

ferocio...awp

flamboyant" (134)
INFO 6/14/2021, 12:46:25 PM  synced recovery
INFO 6/14/2021, 12:46:26 PM  added recovery 1 undefined "dispel

ferocio...boyant

garland" (143)
INFO 6/14/2021, 12:46:26 PM  synced recovery
INFO 6/14/2021, 12:46:26 PM  [blur] 1
INFO 6/14/2021, 12:46:26 PM  [win] blur
INFO 6/14/2021, 12:46:54 PM  [focus] 1
INFO 6/14/2021, 12:46:55 PM  added recovery 1 undefined "dispel

ferocio...boyant

garland" (143)
INFO 6/14/2021, 12:46:55 PM  synced recovery
INFO 6/14/2021, 12:46:56 PM  added recovery 1 undefined "dispel

ferocio...arland

swathes" (152)
INFO 6/14/2021, 12:46:56 PM  synced recovery
INFO 6/14/2021, 12:46:57 PM  [blur] 1
INFO 6/14/2021, 12:46:57 PM  [win] blur
INFO 6/14/2021, 12:47:01 PM  [focus] 1
INFO 6/14/2021, 12:47:01 PM  added recovery 1 undefined "dispel

ferocio...arland

swathes" (152)
INFO 6/14/2021, 12:47:01 PM  synced recovery
INFO 6/14/2021, 12:47:01 PM  added recovery 1 undefined "dispel

ferocio...hes

adornments" (164)
INFO 6/14/2021, 12:47:01 PM  synced recovery
INFO 6/14/2021, 12:47:02 PM  [blur] 1
INFO 6/14/2021, 12:47:02 PM  [win] blur
INFO 6/14/2021, 12:48:53 PM  [focus] 1
INFO 6/14/2021, 12:48:53 PM  added recovery 1 undefined "dispel

ferocio...hes

adornments" (164)
INFO 6/14/2021, 12:48:53 PM  synced recovery
INFO 6/14/2021, 12:48:54 PM  added recovery 1 undefined "dispel

ferocio...ments

organdie" (174)
INFO 6/14/2021, 12:48:54 PM  synced recovery
INFO 6/14/2021, 12:48:54 PM  [blur] 1
INFO 6/14/2021, 12:48:54 PM  [win] blur
INFO 6/14/2021, 1:21:49 PM  [focus] 1
INFO 6/14/2021, 1:21:50 PM  [blur] 1
INFO 6/14/2021, 1:21:50 PM  [win] blur
INFO 6/14/2021, 1:30:07 PM  [focus] 1
INFO 6/14/2021, 1:30:07 PM  added recovery 1 undefined "dispel

ferocio...ments

organdie" (174)
INFO 6/14/2021, 1:30:07 PM  synced recovery
INFO 6/14/2021, 1:30:08 PM  added recovery 1 undefined "dispel

ferocio...ts

organdie

s" (177)
INFO 6/14/2021, 1:30:08 PM  synced recovery
INFO 6/14/2021, 1:30:10 PM  [blur] 1
INFO 6/14/2021, 1:30:10 PM  [win] blur
INFO 6/14/2021, 1:30:51 PM  [focus] 1
INFO 6/14/2021, 1:30:52 PM  added recovery 1 undefined "dispel

ferocio...ndie

startling" (185)
INFO 6/14/2021, 1:30:52 PM  synced recovery
INFO 6/14/2021, 1:30:53 PM  added recovery 1 undefined "dispel

ferocio...tling

remnants" (195)
INFO 6/14/2021, 1:30:53 PM  synced recovery
INFO 6/14/2021, 1:30:53 PM  [blur] 1
INFO 6/14/2021, 1:30:53 PM  [win] blur
INFO 6/14/2021, 1:31:57 PM  [focus] 1
INFO 6/14/2021, 1:32:09 PM  [blur] 1
INFO 6/14/2021, 1:32:09 PM  [win] blur
INFO 6/14/2021, 1:33:50 PM  [focus] 1
INFO 6/14/2021, 1:33:51 PM  added recovery 1 undefined "dispel

ferocio...tling

remnants" (197)
INFO 6/14/2021, 1:33:51 PM  synced recovery
INFO 6/14/2021, 1:33:52 PM  added recovery 1 undefined "dispel

ferocio...tling

remnants" (195)
INFO 6/14/2021, 1:33:52 PM  synced recovery
INFO 6/14/2021, 1:33:55 PM  added recovery 1 undefined "dispel

ferocio...ng

remnants

v" (198)
INFO 6/14/2021, 1:33:55 PM  synced recovery
INFO 6/14/2021, 1:33:58 PM  added recovery 1 undefined "dispel

ferocio...nts

vocation()" (207)
INFO 6/14/2021, 1:33:58 PM  synced recovery
INFO 6/14/2021, 1:33:58 PM  added recovery 1 undefined "dispel

ferocio...ts

vocation(a)" (208)
INFO 6/14/2021, 1:33:58 PM  synced recovery
INFO 6/14/2021, 1:34:00 PM  [blur] 1
INFO 6/14/2021, 1:34:00 PM  [win] blur
INFO 6/14/2021, 1:39:56 PM  [focus] 1
INFO 6/14/2021, 1:39:57 PM  added recovery 1 undefined "dispel

ferocio...
vocation(al)

" (211)
INFO 6/14/2021, 1:39:57 PM  synced recovery
INFO 6/14/2021, 1:39:58 PM  added recovery 1 undefined "dispel

ferocio...vocation(al)

g" (212)
INFO 6/14/2021, 1:39:58 PM  synced recovery
INFO 6/14/2021, 1:40:01 PM  [blur] 1
INFO 6/14/2021, 1:40:01 PM  [win] blur
INFO 6/14/2021, 1:42:37 PM  [focus] 1
INFO 6/14/2021, 1:42:38 PM  added recovery 1 undefined "dispel

ferocio...
get sth across" (225)
INFO 6/14/2021, 1:42:38 PM  synced recovery
INFO 6/14/2021, 1:42:39 PM  [blur] 1
INFO 6/14/2021, 1:42:39 PM  [win] blur
INFO 6/14/2021, 1:42:40 PM  [focus] 1
INFO 6/14/2021, 1:42:41 PM  added recovery 1 undefined "dispel

ferocio...ss

exacerbated" (238)
INFO 6/14/2021, 1:42:41 PM  synced recovery
INFO 6/14/2021, 1:42:43 PM  [blur] 1
INFO 6/14/2021, 1:42:43 PM  [win] blur
INFO 6/14/2021, 1:43:42 PM  [focus] 1
INFO 6/14/2021, 1:43:43 PM  added recovery 1 undefined "dispel

ferocio...ss

exacerbated" (238)
INFO 6/14/2021, 1:43:43 PM  synced recovery
INFO 6/14/2021, 1:43:44 PM  added recovery 1 undefined "dispel

ferocio...
exacerbated

r" (241)
INFO 6/14/2021, 1:43:44 PM  synced recovery
INFO 6/14/2021, 1:43:47 PM  [blur] 1
INFO 6/14/2021, 1:43:47 PM  [win] blur
INFO 6/14/2021, 1:43:49 PM  [focus] 1
INFO 6/14/2021, 1:43:50 PM  added recovery 1 undefined "dispel

ferocio...ted

restrain

" (250)
INFO 6/14/2021, 1:43:50 PM  synced recovery
INFO 6/14/2021, 1:43:50 PM  added recovery 1 undefined "dispel

ferocio...ed

restrain

e" (251)
INFO 6/14/2021, 1:43:50 PM  synced recovery
INFO 6/14/2021, 1:43:52 PM  [blur] 1
INFO 6/14/2021, 1:43:52 PM  [win] blur
INFO 6/14/2021, 1:44:04 PM  [focus] 1
INFO 6/14/2021, 1:44:06 PM  added recovery 1 undefined "dispel

ferocio...strain

evade

" (257)
INFO 6/14/2021, 1:44:06 PM  synced recovery
INFO 6/14/2021, 1:44:06 PM  added recovery 1 undefined "dispel

ferocio...train

evade

r" (258)
INFO 6/14/2021, 1:44:06 PM  synced recovery
INFO 6/14/2021, 1:44:08 PM  [blur] 1
INFO 6/14/2021, 1:44:08 PM  [win] blur
INFO 6/14/2021, 1:44:49 PM  [focus] 1
INFO 6/14/2021, 1:44:50 PM  added recovery 1 undefined "dispel

ferocio...
evade

revival" (264)
INFO 6/14/2021, 1:44:50 PM  synced recovery
INFO 6/14/2021, 1:44:50 PM  added recovery 1 undefined "dispel

ferocio...vival

rucksack" (274)
INFO 6/14/2021, 1:44:50 PM  synced recovery
INFO 6/14/2021, 1:44:51 PM  [blur] 1
INFO 6/14/2021, 1:44:51 PM  [win] blur
INFO 6/14/2021, 1:45:57 PM  [focus] 1
INFO 6/14/2021, 1:45:58 PM  added recovery 1 undefined "dispel

ferocio...val

rucksack

" (276)
INFO 6/14/2021, 1:45:58 PM  synced recovery
INFO 6/14/2021, 1:45:59 PM  added recovery 1 undefined "dispel

ferocio...al

rucksack

i" (277)
INFO 6/14/2021, 1:45:59 PM  synced recovery
INFO 6/14/2021, 1:45:59 PM  added recovery 1 undefined "dispel

ferocio...

rucksack

it'" (279)
INFO 6/14/2021, 1:45:59 PM  synced recovery
INFO 6/14/2021, 1:46:04 PM  [blur] 1
INFO 6/14/2021, 1:46:04 PM  [win] blur
INFO 6/14/2021, 1:47:08 PM  [focus] 1
INFO 6/14/2021, 1:47:09 PM  [blur] 1
INFO 6/14/2021, 1:47:09 PM  [win] blur
INFO 6/14/2021, 1:54:07 PM  [focus] 1
INFO 6/14/2021, 1:54:08 PM  added recovery 1 undefined "dispel

ferocio...
it's all too

" (290)
INFO 6/14/2021, 1:54:08 PM  synced recovery
INFO 6/14/2021, 1:54:09 PM  added recovery 1 undefined "dispel

ferocio...it's all too

l" (291)
INFO 6/14/2021, 1:54:09 PM  synced recovery
INFO 6/14/2021, 1:54:09 PM  added recovery 1 undefined "dispel

ferocio...'s all too

lin" (293)
INFO 6/14/2021, 1:54:09 PM  synced recovery
INFO 6/14/2021, 1:54:10 PM  added recovery 1 undefined "dispel

ferocio...'s all too

lik" (293)
INFO 6/14/2021, 1:54:10 PM  synced recovery
INFO 6/14/2021, 1:54:12 PM  added recovery 1 undefined "dispel

ferocio...l too

likeness" (298)
INFO 6/14/2021, 1:54:12 PM  synced recovery
INFO 6/14/2021, 1:54:12 PM  [blur] 1
INFO 6/14/2021, 1:54:12 PM  [win] blur
INFO 6/14/2021, 1:55:14 PM  [focus] 1
INFO 6/14/2021, 1:55:14 PM  added recovery 1 undefined "dispel

ferocio...l too

likeness" (298)
INFO 6/14/2021, 1:55:14 PM  synced recovery
INFO 6/14/2021, 1:55:15 PM  added recovery 1 undefined "dispel

ferocio...oo

likeness

f" (301)
INFO 6/14/2021, 1:55:15 PM  synced recovery
INFO 6/14/2021, 1:55:16 PM  [blur] 1
INFO 6/14/2021, 1:55:16 PM  [win] blur
INFO 6/14/2021, 1:56:22 PM  [focus] 1
INFO 6/14/2021, 1:56:23 PM  added recovery 1 undefined "dispel

ferocio...eness

farewell" (308)
INFO 6/14/2021, 1:56:23 PM  synced recovery
INFO 6/14/2021, 1:56:24 PM  added recovery 1 undefined "dispel

ferocio...ss

farewell

a" (311)
INFO 6/14/2021, 1:56:24 PM  synced recovery
INFO 6/14/2021, 1:56:27 PM  added recovery 1 undefined "dispel

ferocio...ur earliest con" (330)
INFO 6/14/2021, 1:56:27 PM  synced recovery
INFO 6/14/2021, 1:56:30 PM  [blur] 1
INFO 6/14/2021, 1:56:30 PM  [win] blur
INFO 6/14/2021, 1:57:34 PM  [focus] 1
INFO 6/14/2021, 1:57:38 PM  [blur] 1
INFO 6/14/2021, 1:57:38 PM  [win] blur
INFO 6/14/2021, 1:59:12 PM  [focus] 1
INFO 6/14/2021, 1:59:13 PM  [blur] 1
INFO 6/14/2021, 1:59:13 PM  [win] blur
INFO 6/14/2021, 1:59:16 PM  [focus] 1
INFO 6/14/2021, 1:59:16 PM  [blur] 1
INFO 6/14/2021, 1:59:16 PM  [win] blur
INFO 6/14/2021, 1:59:28 PM  [focus] 1
INFO 6/14/2021, 1:59:28 PM  addRecentDocument
INFO 6/14/2021, 1:59:28 PM  added recovery 1 /home/karolproksa/CAE/cae-words-5.md null (0)
INFO 6/14/2021, 1:59:28 PM  synced recovery
INFO 6/14/2021, 1:59:28 PM  [blur] 1
INFO 6/14/2021, 1:59:28 PM  [win] blur
INFO 6/14/2021, 1:59:29 PM  [focus] 1
INFO 6/14/2021, 1:59:29 PM  [blur] 1
INFO 6/14/2021, 1:59:29 PM  [win] blur
INFO 6/14/2021, 2:44:13 PM  [focus] 1
INFO 6/14/2021, 2:44:17 PM  added recovery 1 /home/karolproksa/CAE/cae-words-5.md "dispel

ferocio...ience

friction" (348)
INFO 6/14/2021, 2:44:17 PM  synced recovery
INFO 6/14/2021, 2:44:17 PM  added recovery 1 /home/karolproksa/CAE/cae-words-5.md null (0)
INFO 6/14/2021, 2:44:17 PM  synced recovery
INFO 6/14/2021, 2:44:18 PM  [blur] 1
INFO 6/14/2021, 2:44:18 PM  [win] blur
INFO 6/14/2021, 2:46:41 PM  [focus] 1
INFO 6/14/2021, 2:46:42 PM  added recovery 1 /home/karolproksa/CAE/cae-words-5.md "dispel

ferocio...ience

friction" (348)
INFO 6/14/2021, 2:46:42 PM  synced recovery
INFO 6/14/2021, 2:46:42 PM  added recovery 1 /home/karolproksa/CAE/cae-words-5.md "dispel

ferocio...ion

incentives" (360)
INFO 6/14/2021, 2:46:42 PM  synced recovery
INFO 6/14/2021, 2:46:42 PM  [blur] 1
INFO 6/14/2021, 2:46:42 PM  [win] blur
INFO 6/14/2021, 2:46:44 PM  [focus] 1
INFO 6/14/2021, 2:46:45 PM  added recovery 1 /home/karolproksa/CAE/cae-words-5.md "dispel

ferocio...ion

incentives" (360)
INFO 6/14/2021, 2:46:45 PM  synced recovery
INFO 6/14/2021, 2:46:45 PM  added recovery 1 /home/karolproksa/CAE/cae-words-5.md "dispel

ferocio...es

industrious" (373)
INFO 6/14/2021, 2:46:45 PM  synced recovery
INFO 6/14/2021, 2:46:46 PM  [blur] 1
INFO 6/14/2021, 2:46:46 PM  [win] blur
INFO 6/14/2021, 2:54:39 PM  [focus] 1
INFO 6/14/2021, 2:54:40 PM  added recovery 1 /home/karolproksa/CAE/cae-words-5.md "dispel

ferocio...es

industrious" (373)
INFO 6/14/2021, 2:54:40 PM  synced recovery
INFO 6/14/2021, 2:54:41 PM  added recovery 1 /home/karolproksa/CAE/cae-words-5.md "dispel

ferocio...
industrious

c" (376)
INFO 6/14/2021, 2:54:41 PM  synced recovery
INFO 6/14/2021, 2:54:42 PM  added recovery 1 /home/karolproksa/CAE/cae-words-5.md "dispel

ferocio...ustrious

conci" (380)
INFO 6/14/2021, 2:54:42 PM  synced recovery
INFO 6/14/2021, 2:54:44 PM  [blur] 1
INFO 6/14/2021, 2:54:44 PM  [win] blur
INFO 6/14/2021, 2:54:45 PM  [focus] 1
INFO 6/14/2021, 2:54:46 PM  added recovery 1 /home/karolproksa/CAE/cae-words-5.md "dispel

ferocio...industrious

co" (377)
INFO 6/14/2021, 2:54:46 PM  synced recovery
INFO 6/14/2021, 2:54:46 PM  added recovery 1 /home/karolproksa/CAE/cae-words-5.md "dispel

ferocio...ndustrious

cou" (378)
INFO 6/14/2021, 2:54:46 PM  synced recovery
INFO 6/14/2021, 2:54:49 PM  [blur] 1
INFO 6/14/2021, 2:54:49 PM  [win] blur
INFO 6/14/2021, 3:03:42 PM  [focus] 1
INFO 6/14/2021, 3:03:43 PM  added recovery 1 /home/karolproksa/CAE/cae-words-5.md "dispel

ferocio...ouncil estate

" (391)
INFO 6/14/2021, 3:03:43 PM  synced recovery
INFO 6/14/2021, 3:03:44 PM  added recovery 1 /home/karolproksa/CAE/cae-words-5.md "dispel

ferocio...uncil estate

a" (392)
INFO 6/14/2021, 3:03:44 PM  synced recovery
INFO 6/14/2021, 3:03:48 PM  [blur] 1
INFO 6/14/2021, 3:03:48 PM  [win] blur
INFO 6/14/2021, 3:13:14 PM  [focus] 1
INFO 6/14/2021, 3:13:16 PM  [blur] 1
INFO 6/14/2021, 3:13:16 PM  [win] blur
INFO 6/14/2021, 3:13:47 PM  [focus] 1
INFO 6/14/2021, 3:13:48 PM  [blur] 1
INFO 6/14/2021, 3:13:48 PM  [win] blur
INFO 6/14/2021, 3:13:49 PM  [focus] 1
INFO 6/14/2021, 3:13:50 PM  [blur] 1
INFO 6/14/2021, 3:13:50 PM  [win] blur
INFO 6/14/2021, 3:14:07 PM  [focus] 1
INFO 6/14/2021, 3:14:08 PM  [blur] 1
INFO 6/14/2021, 3:14:08 PM  [win] blur
INFO 6/14/2021, 3:14:24 PM  [focus] 1
INFO 6/14/2021, 3:14:25 PM  [blur] 1
INFO 6/14/2021, 3:14:25 PM  [win] blur
INFO 6/14/2021, 3:14:35 PM  [focus] 1
INFO 6/14/2021, 3:14:37 PM  [blur] 1
INFO 6/14/2021, 3:14:37 PM  [win] blur
INFO 6/14/2021, 3:14:46 PM  [focus] 1
INFO 6/14/2021, 3:14:48 PM  [blur] 1
INFO 6/14/2021, 3:14:48 PM  [win] blur
INFO 6/14/2021, 3:14:53 PM  [focus] 1
INFO 6/14/2021, 3:14:55 PM  [blur] 1
INFO 6/14/2021, 3:14:55 PM  [win] blur
INFO 6/14/2021, 3:15:09 PM  [focus] 1
INFO 6/14/2021, 3:15:11 PM  [blur] 1
INFO 6/14/2021, 3:15:11 PM  [win] blur
INFO 6/14/2021, 3:15:34 PM  [focus] 1
INFO 6/14/2021, 3:15:36 PM  [blur] 1
INFO 6/14/2021, 3:15:36 PM  [win] blur
INFO 6/14/2021, 3:16:12 PM  [focus] 1
INFO 6/14/2021, 3:16:13 PM  [blur] 1
INFO 6/14/2021, 3:16:13 PM  [win] blur
INFO 6/14/2021, 3:16:35 PM  [focus] 1
INFO 6/14/2021, 3:16:37 PM  [blur] 1
INFO 6/14/2021, 3:16:37 PM  [win] blur
INFO 6/14/2021, 3:17:23 PM  [focus] 1
INFO 6/14/2021, 3:17:24 PM  [blur] 1
INFO 6/14/2021, 3:17:24 PM  [win] blur
INFO 6/14/2021, 3:17:40 PM  [focus] 1
INFO 6/14/2021, 3:17:42 PM  [blur] 1
INFO 6/14/2021, 3:17:42 PM  [win] blur
INFO 6/14/2021, 3:17:52 PM  [focus] 1
INFO 6/14/2021, 3:17:53 PM  [blur] 1
INFO 6/14/2021, 3:17:53 PM  [win] blur
INFO 6/14/2021, 3:18:14 PM  [focus] 1
INFO 6/14/2021, 3:18:20 PM  [blur] 1
INFO 6/14/2021, 3:18:20 PM  [win] blur
INFO 6/14/2021, 3:19:10 PM  [focus] 1
INFO 6/14/2021, 3:19:11 PM  [blur] 1
INFO 6/14/2021, 3:19:11 PM  [win] blur
INFO 6/14/2021, 3:19:29 PM  [focus] 1
INFO 6/14/2021, 3:19:30 PM  [blur] 1
INFO 6/14/2021, 3:19:30 PM  [win] blur
INFO 6/14/2021, 3:19:49 PM  [focus] 1
INFO 6/14/2021, 3:19:50 PM  [blur] 1
INFO 6/14/2021, 3:19:50 PM  [win] blur
INFO 6/14/2021, 3:20:11 PM  [focus] 1
INFO 6/14/2021, 3:20:13 PM  [blur] 1
INFO 6/14/2021, 3:20:13 PM  [win] blur
INFO 6/14/2021, 3:20:27 PM  [focus] 1
INFO 6/14/2021, 3:20:29 PM  [blur] 1
INFO 6/14/2021, 3:20:29 PM  [win] blur
INFO 6/14/2021, 3:20:37 PM  [focus] 1
INFO 6/14/2021, 3:20:39 PM  [blur] 1
INFO 6/14/2021, 3:20:39 PM  [win] blur
INFO 6/14/2021, 3:20:47 PM  [focus] 1
INFO 6/14/2021, 3:20:49 PM  [blur] 1
INFO 6/14/2021, 3:20:49 PM  [win] blur
INFO 6/14/2021, 3:21:15 PM  [focus] 1
INFO 6/14/2021, 3:21:16 PM  [blur] 1
INFO 6/14/2021, 3:21:16 PM  [win] blur
INFO 6/14/2021, 3:21:42 PM  [focus] 1
INFO 6/14/2021, 3:21:44 PM  [blur] 1
INFO 6/14/2021, 3:21:44 PM  [win] blur
INFO 6/14/2021, 3:22:12 PM  [focus] 1
INFO 6/14/2021, 3:22:13 PM  [blur] 1
INFO 6/14/2021, 3:22:13 PM  [win] blur
INFO 6/14/2021, 3:22:27 PM  [focus] 1
INFO 6/14/2021, 3:22:30 PM  [blur] 1
INFO 6/14/2021, 3:22:30 PM  [win] blur
INFO 6/14/2021, 3:22:41 PM  [focus] 1
INFO 6/14/2021, 3:22:43 PM  [blur] 1
INFO 6/14/2021, 3:22:43 PM  [win] blur
INFO 6/14/2021, 3:22:55 PM  [focus] 1
INFO 6/14/2021, 3:22:58 PM  [blur] 1
INFO 6/14/2021, 3:22:58 PM  [win] blur
INFO 6/14/2021, 3:23:28 PM  [focus] 1
INFO 6/14/2021, 3:23:30 PM  [blur] 1
INFO 6/14/2021, 3:23:30 PM  [win] blur
INFO 6/14/2021, 3:23:34 PM  [focus] 1
INFO 6/14/2021, 3:23:35 PM  [blur] 1
INFO 6/14/2021, 3:23:35 PM  [win] blur
INFO 6/14/2021, 3:23:47 PM  [focus] 1
INFO 6/14/2021, 3:23:54 PM  [blur] 1
INFO 6/14/2021, 3:23:54 PM  [win] blur
INFO 6/14/2021, 3:24:03 PM  [focus] 1
INFO 6/14/2021, 3:24:04 PM  [blur] 1
INFO 6/14/2021, 3:24:04 PM  [win] blur
INFO 6/14/2021, 3:24:24 PM  [focus] 1
INFO 6/14/2021, 3:24:26 PM  [blur] 1
INFO 6/14/2021, 3:24:26 PM  [win] blur
INFO 6/14/2021, 3:24:39 PM  [focus] 1
INFO 6/14/2021, 3:24:40 PM  [blur] 1
INFO 6/14/2021, 3:24:40 PM  [win] blur
INFO 6/14/2021, 3:24:57 PM  [focus] 1
INFO 6/14/2021, 3:24:59 PM  [blur] 1
INFO 6/14/2021, 3:24:59 PM  [win] blur
INFO 6/14/2021, 3:25:11 PM  [focus] 1
INFO 6/14/2021, 3:25:13 PM  [blur] 1
INFO 6/14/2021, 3:25:13 PM  [win] blur
INFO 6/14/2021, 3:25:20 PM  [focus] 1
INFO 6/14/2021, 3:25:22 PM  added recovery 1 /home/karolproksa/CAE/cae-words-5.md null (0)
INFO 6/14/2021, 3:25:22 PM  synced recovery
INFO 6/14/2021, 3:25:23 PM  synced recovery
INFO 6/14/2021, 3:25:23 PM  ----------------before-quit-----------------
INFO 6/14/2021, 3:25:23 PM  ------------------will-quit------------------
INFO 6/14/2021, 3:25:23 PM  -----------------quit------------------
INFO 6/14/2021, 3:25:23 PM  closeLogging
INFO 6/14/2021, 4:12:36 PM  ------------------start------------------
INFO 6/14/2021, 4:12:36 PM  typora version: 0.10.11
INFO 6/14/2021, 4:12:36 PM  addRecentDocument
INFO 6/14/2021, 4:12:36 PM  added recovery 1 /home/karolproksa/CAE/CAE_essay_11.md undefined (0)
INFO 6/14/2021, 4:12:37 PM  [Raven] instanceKey = 064288db-f6ca-4351-8531-6403ebab681f
INFO 6/14/2021, 4:12:37 PM  [Raven] userId = d3e9326e-b2d0-48e9-8f48-82d218e055ff
INFO 6/14/2021, 4:12:37 PM  [focus] 1
INFO 6/14/2021, 4:12:37 PM  synced recovery
INFO 6/14/2021, 4:12:37 PM  handle document.loadInitData
INFO 6/14/2021, 4:12:37 PM  added recovery 1 /home/karolproksa/CAE/CAE_essay_11.md undefined (0)
INFO 6/14/2021, 4:12:37 PM  synced recovery
INFO 6/14/2021, 4:12:37 PM  [blur] 1
INFO 6/14/2021, 4:12:37 PM  [win] blur
INFO 6/14/2021, 4:12:37 PM  [focus] 1
INFO 6/14/2021, 4:12:41 PM  [blur] 1
INFO 6/14/2021, 4:12:41 PM  [win] blur
INFO 6/14/2021, 4:12:41 PM  [focus] 1
INFO 6/14/2021, 4:12:41 PM  [blur] 1
INFO 6/14/2021, 4:12:41 PM  [win] blur
INFO 6/14/2021, 4:12:41 PM  [focus] 1
INFO 6/14/2021, 4:12:41 PM  [blur] 1
INFO 6/14/2021, 4:12:41 PM  [win] blur
INFO 6/14/2021, 4:12:42 PM  [focus] 1
INFO 6/14/2021, 4:12:51 PM  [blur] 1
INFO 6/14/2021, 4:12:51 PM  [win] blur
INFO 6/14/2021, 4:12:51 PM  [focus] 1
INFO 6/14/2021, 4:12:51 PM  [blur] 1
INFO 6/14/2021, 4:12:51 PM  [win] blur
INFO 6/14/2021, 4:12:51 PM  [focus] 1
INFO 6/14/2021, 4:12:51 PM  [blur] 1
INFO 6/14/2021, 4:12:51 PM  [win] blur
INFO 6/14/2021, 4:12:53 PM  [focus] 1
INFO 6/14/2021, 4:12:56 PM  [blur] 1
INFO 6/14/2021, 4:12:56 PM  [win] blur
INFO 6/14/2021, 4:12:56 PM  [focus] 1
INFO 6/14/2021, 4:12:56 PM  [blur] 1
INFO 6/14/2021, 4:12:56 PM  [win] blur
INFO 6/14/2021, 4:12:56 PM  [focus] 1
INFO 6/14/2021, 4:12:56 PM  [blur] 1
INFO 6/14/2021, 4:12:56 PM  [win] blur
INFO 6/14/2021, 4:12:58 PM  [focus] 1
INFO 6/14/2021, 4:13:24 PM  added recovery 1 /home/karolproksa/CAE/CAE_essay_11.md "# Instructions
...ould pursue it." (2793)
INFO 6/14/2021, 4:13:24 PM  synced recovery
INFO 6/14/2021, 4:13:40 PM  added recovery 1 /home/karolproksa/CAE/CAE_essay_11.md "# Instructions
...ould pursue it." (2793)
INFO 6/14/2021, 4:13:40 PM  synced recovery
INFO 6/14/2021, 4:13:46 PM  added recovery 1 /home/karolproksa/CAE/CAE_essay_11.md "# Instructions
...ould pursue it." (2794)
INFO 6/14/2021, 4:13:46 PM  synced recovery
INFO 6/14/2021, 4:14:12 PM  added recovery 1 /home/karolproksa/CAE/CAE_essay_11.md "# Instructions
...ould pursue it." (2793)
INFO 6/14/2021, 4:14:12 PM  synced recovery
INFO 6/14/2021, 4:19:29 PM  added recovery 1 /home/karolproksa/CAE/CAE_essay_11.md "# Instructions
...ould pursue it." (2793)
INFO 6/14/2021, 4:19:29 PM  synced recovery
INFO 6/14/2021, 4:19:44 PM  added recovery 1 /home/karolproksa/CAE/CAE_essay_11.md "# Instructions
...ould pursue it." (2792)
INFO 6/14/2021, 4:19:44 PM  synced recovery
INFO 6/14/2021, 4:27:58 PM  added recovery 1 /home/karolproksa/CAE/CAE_essay_11.md "# Instructions
...ould pursue it." (2791)
INFO 6/14/2021, 4:27:58 PM  synced recovery
INFO 6/14/2021, 4:28:16 PM  added recovery 1 /home/karolproksa/CAE/CAE_essay_11.md "# Instructions
...ould pursue it." (2791)
INFO 6/14/2021, 4:28:16 PM  synced recovery
INFO 6/14/2021, 4:28:17 PM  added recovery 1 /home/karolproksa/CAE/CAE_essay_11.md "# Instructions
...ould pursue it." (2791)
INFO 6/14/2021, 4:28:17 PM  synced recovery
INFO 6/14/2021, 4:28:25 PM  added recovery 1 /home/karolproksa/CAE/CAE_essay_11.md "# Instructions
...ould pursue it." (2791)
INFO 6/14/2021, 4:28:25 PM  synced recovery
INFO 6/14/2021, 4:28:54 PM  added recovery 1 /home/karolproksa/CAE/CAE_essay_11.md "# Instructions
...ould pursue it." (2791)
INFO 6/14/2021, 4:28:54 PM  synced recovery
INFO 6/14/2021, 4:29:02 PM  added recovery 1 /home/karolproksa/CAE/CAE_essay_11.md "# Instructions
...ould pursue it." (2791)
INFO 6/14/2021, 4:29:02 PM  synced recovery
INFO 6/14/2021, 4:29:03 PM  added recovery 1 /home/karolproksa/CAE/CAE_essay_11.md "# Instructions
...ould pursue it." (2791)
INFO 6/14/2021, 4:29:03 PM  synced recovery
INFO 6/14/2021, 4:29:13 PM  added recovery 1 /home/karolproksa/CAE/CAE_essay_11.md "# Instructions
...ould pursue it." (2791)
INFO 6/14/2021, 4:29:13 PM  synced recovery
INFO 6/14/2021, 4:29:24 PM  added recovery 1 /home/karolproksa/CAE/CAE_essay_11.md "# Instructions
...ould pursue it." (2791)
INFO 6/14/2021, 4:29:24 PM  synced recovery
INFO 6/14/2021, 4:30:14 PM  synced recovery
INFO 6/14/2021, 4:30:14 PM  ----------------before-quit-----------------
INFO 6/14/2021, 4:30:14 PM  ------------------will-quit------------------
INFO 6/14/2021, 4:30:14 PM  -----------------quit------------------
INFO 6/14/2021, 4:30:14 PM  closeLogging
INFO 6/14/2021, 4:30:19 PM  ------------------start------------------
INFO 6/14/2021, 4:30:19 PM  typora version: 0.10.11
INFO 6/14/2021, 4:30:19 PM  addRecentDocument
INFO 6/14/2021, 4:30:19 PM  added recovery 1 /home/karolproksa/CAE/CAE_essay_12.md undefined (0)
INFO 6/14/2021, 4:30:20 PM  [Raven] instanceKey = 5b0a9e01-fb7f-498a-901c-040072cf38cb
INFO 6/14/2021, 4:30:20 PM  [Raven] userId = d3e9326e-b2d0-48e9-8f48-82d218e055ff
INFO 6/14/2021, 4:30:20 PM  [focus] 1
INFO 6/14/2021, 4:30:20 PM  synced recovery
INFO 6/14/2021, 4:30:20 PM  [blur] 1
INFO 6/14/2021, 4:30:20 PM  [win] blur
INFO 6/14/2021, 4:30:20 PM  handle document.loadInitData
INFO 6/14/2021, 4:30:20 PM  added recovery 1 /home/karolproksa/CAE/CAE_essay_12.md undefined (0)
INFO 6/14/2021, 4:30:20 PM  synced recovery
INFO 6/14/2021, 4:30:20 PM  [focus] 1
INFO 6/14/2021, 4:39:42 PM  synced recovery
INFO 6/14/2021, 4:39:42 PM  ----------------before-quit-----------------
INFO 6/14/2021, 4:39:42 PM  ------------------will-quit------------------
INFO 6/14/2021, 4:39:42 PM  -----------------quit------------------
INFO 6/14/2021, 4:39:42 PM  closeLogging
INFO 6/21/2021, 12:03:08 PM  ------------------start------------------
INFO 6/21/2021, 12:03:08 PM  typora version: 0.10.11
INFO 6/21/2021, 12:03:08 PM  [Raven] instanceKey = 63b425ca-2268-42d6-81b8-35b587d5c203
INFO 6/21/2021, 12:03:08 PM  added recovery 1 null undefined (0)
INFO 6/21/2021, 12:03:08 PM  [Raven] userId = d3e9326e-b2d0-48e9-8f48-82d218e055ff
INFO 6/21/2021, 12:03:08 PM  [focus] 1
INFO 6/21/2021, 12:03:08 PM  synced recovery
INFO 6/21/2021, 12:03:08 PM  handle document.loadInitData
INFO 6/21/2021, 12:03:08 PM  added recovery 1 undefined undefined (0)
INFO 6/21/2021, 12:03:08 PM  synced recovery
INFO 6/21/2021, 12:03:12 PM  added recovery 1 undefined S (1)
INFO 6/21/2021, 12:03:12 PM  synced recovery
INFO 6/21/2021, 12:03:13 PM  added recovery 1 undefined Siema s (7)
INFO 6/21/2021, 12:03:13 PM  synced recovery
INFO 6/21/2021, 12:03:13 PM  added recovery 1 undefined Siema si (8)
INFO 6/21/2021, 12:03:13 PM  synced recovery
INFO 6/21/2021, 12:03:15 PM  added recovery 1 undefined Siema siema i cie nie ma

 (26)
INFO 6/21/2021, 12:03:15 PM  synced recovery
INFO 6/21/2021, 12:03:16 PM  added recovery 1 undefined Siema siema i cie nie ma

K (27)
INFO 6/21/2021, 12:03:16 PM  synced recovery
INFO 6/21/2021, 12:03:17 PM  added recovery 1 undefined Siema siema i cie nie ma

Kaorl pROksa

 (40)
INFO 6/21/2021, 12:03:17 PM  synced recovery
INFO 6/21/2021, 12:03:17 PM  added recovery 1 undefined Siema siema i cie nie ma

Kaorl pROksa

P (41)
INFO 6/21/2021, 12:03:17 PM  synced recovery
INFO 6/21/2021, 12:03:18 PM  added recovery 1 undefined Siema siema i cie nie ma

Kaorl pROksa

 (40)
INFO 6/21/2021, 12:03:18 PM  synced recovery
INFO 6/21/2021, 12:03:18 PM  added recovery 1 undefined Siema siema i cie nie ma

Kaorl pROksa

K (41)
INFO 6/21/2021, 12:03:18 PM  synced recovery
INFO 6/21/2021, 12:03:19 PM  added recovery 1 undefined Siema siema i cie nie ma

Kaorl pROksa

Karo.  (46)
INFO 6/21/2021, 12:03:19 PM  synced recovery
INFO 6/21/2021, 12:03:20 PM  added recovery 1 undefined  (0)
INFO 6/21/2021, 12:03:20 PM  synced recovery
INFO 6/21/2021, 12:03:20 PM  added recovery 1 undefined K (1)
INFO 6/21/2021, 12:03:20 PM  synced recovery
INFO 6/21/2021, 12:03:21 PM  added recovery 1 undefined  (0)
INFO 6/21/2021, 12:03:21 PM  synced recovery
INFO 6/21/2021, 12:03:22 PM  added recovery 1 undefined k (1)
INFO 6/21/2021, 12:03:22 PM  synced recovery
INFO 6/21/2021, 12:03:24 PM  added recovery 1 undefined karolproks (10)
INFO 6/21/2021, 12:03:24 PM  synced recovery
INFO 6/21/2021, 12:03:24 PM  added recovery 1 undefined karolproksa (11)
INFO 6/21/2021, 12:03:24 PM  synced recovery
INFO 6/21/2021, 12:03:26 PM  added recovery 1 undefined karolproksa@gmail.com

 (23)
INFO 6/21/2021, 12:03:26 PM  synced recovery
INFO 6/21/2021, 12:03:27 PM  added recovery 1 undefined karolproksa@gmail.com

1 (24)
INFO 6/21/2021, 12:03:27 PM  synced recovery
INFO 6/21/2021, 12:03:28 PM  added recovery 1 undefined karolproksa@gmail.com

1977Kp40

 (33)
INFO 6/21/2021, 12:03:28 PM  synced recovery
INFO 6/21/2021, 12:03:30 PM  added recovery 1 undefined karolproksa@gmail.com

1977Kp40

1 (34)
INFO 6/21/2021, 12:03:30 PM  synced recovery
INFO 6/21/2021, 12:03:31 PM  added recovery 1 undefined  (0)
INFO 6/21/2021, 12:03:31 PM  synced recovery
INFO 6/21/2021, 12:03:40 PM  added recovery 1 undefined 1 (1)
INFO 6/21/2021, 12:03:40 PM  synced recovery
INFO 6/21/2021, 12:03:49 PM  added recovery 1 undefined 123313223113

 (14)
INFO 6/21/2021, 12:03:49 PM  synced recovery
INFO 6/21/2021, 12:03:49 PM  added recovery 1 undefined 123313223113



 (16)
INFO 6/21/2021, 12:03:49 PM  synced recovery
INFO 6/21/2021, 12:03:52 PM  added recovery 1 undefined 123313223113



0 (17)
INFO 6/21/2021, 12:03:52 PM  synced recovery
INFO 6/21/2021, 12:03:55 PM  added recovery 1 undefined 123313223113



00000,,, (24)
INFO 6/21/2021, 12:03:55 PM  synced recovery
INFO 6/21/2021, 12:03:59 PM  added recovery 1 undefined 123313223113



00000,,,+--++4 (30)
INFO 6/21/2021, 12:03:59 PM  synced recovery
INFO 6/21/2021, 12:04:08 PM  added recovery 1 undefined 123313223113



00000,,,+--++45-56+ (35)
INFO 6/21/2021, 12:04:08 PM  synced recovery
INFO 6/21/2021, 12:04:13 PM  added recovery 1 undefined 123313223113



00000,,,+--++45-56++ (36)
INFO 6/21/2021, 12:04:13 PM  synced recovery
INFO 6/21/2021, 12:04:17 PM  added recovery 1 undefined 123313223113



00000,,,+--++45-56++-*/////, (44)
INFO 6/21/2021, 12:04:17 PM  synced recovery
INFO 6/21/2021, 12:04:20 PM  added recovery 1 undefined 123313223113



00000,,,+--++45-56++-*/////,//=SMU (50)
INFO 6/21/2021, 12:04:20 PM  synced recovery
INFO 6/21/2021, 12:04:20 PM  added recovery 1 undefined 123313223113



00000,,,+--++45-56++-*/////,//=SM (49)
INFO 6/21/2021, 12:04:20 PM  synced recovery
INFO 6/21/2021, 12:04:20 PM  added recovery 1 undefined 123313223113



00000,,,+--++45-56++-*/////,//=SU (49)
INFO 6/21/2021, 12:04:20 PM  synced recovery
INFO 6/21/2021, 12:04:21 PM  added recovery 1 undefined "123313223113


...*/////,//=SUM()" (52)
INFO 6/21/2021, 12:04:21 PM  synced recovery
INFO 6/21/2021, 12:04:23 PM  added recovery 1 undefined "123313223113


.../////,//=SUM(4)" (53)
INFO 6/21/2021, 12:04:23 PM  synced recovery
INFO 6/21/2021, 12:04:27 PM  added recovery 1 undefined "123313223113


...///,//=SUM(456)" (55)
INFO 6/21/2021, 12:04:27 PM  synced recovery
INFO 6/21/2021, 12:04:28 PM  added recovery 1 undefined "123313223113


...///,//=SUM(45-)" (55)
INFO 6/21/2021, 12:04:28 PM  synced recovery
INFO 6/21/2021, 12:04:32 PM  added recovery 1 undefined "123313223113


...//=SUM(45-27

)" (59)
INFO 6/21/2021, 12:04:32 PM  synced recovery
INFO 6/21/2021, 12:04:33 PM  added recovery 1 undefined "123313223113


...=SUM(45-27



)" (61)
INFO 6/21/2021, 12:04:33 PM  synced recovery
INFO 6/21/2021, 12:04:33 PM  added recovery 1 undefined "123313223113


...UM(45-27





)" (63)
INFO 6/21/2021, 12:04:33 PM  synced recovery
INFO 6/21/2021, 12:04:33 PM  added recovery 1 undefined "123313223113


...(45-27







)" (65)
INFO 6/21/2021, 12:04:33 PM  synced recovery
INFO 6/21/2021, 12:04:34 PM  added recovery 1 undefined "123313223113


...5-27









)" (67)
INFO 6/21/2021, 12:04:34 PM  synced recovery
INFO 6/21/2021, 12:04:34 PM  added recovery 1 undefined "123313223113


...27











)" (69)
INFO 6/21/2021, 12:04:34 PM  synced recovery
INFO 6/21/2021, 12:04:34 PM  added recovery 1 undefined "123313223113


...













)" (71)
INFO 6/21/2021, 12:04:34 PM  synced recovery
INFO 6/21/2021, 12:04:34 PM  added recovery 1 undefined "123313223113


...













)" (73)
INFO 6/21/2021, 12:04:34 PM  synced recovery
INFO 6/21/2021, 12:04:34 PM  added recovery 1 undefined "123313223113


...













)" (75)
INFO 6/21/2021, 12:04:34 PM  synced recovery
INFO 6/21/2021, 12:04:35 PM  added recovery 1 undefined "123313223113


...













)" (77)
INFO 6/21/2021, 12:04:35 PM  synced recovery
INFO 6/21/2021, 12:04:35 PM  added recovery 1 undefined "123313223113


...













)" (79)
INFO 6/21/2021, 12:04:35 PM  synced recovery
INFO 6/21/2021, 12:04:35 PM  added recovery 1 undefined "123313223113


...













)" (81)
INFO 6/21/2021, 12:04:35 PM  synced recovery
INFO 6/21/2021, 12:04:35 PM  added recovery 1 undefined "123313223113


...













)" (83)
INFO 6/21/2021, 12:04:35 PM  synced recovery
INFO 6/21/2021, 12:04:36 PM  added recovery 1 undefined "123313223113


...












K)" (84)
INFO 6/21/2021, 12:04:36 PM  synced recovery
INFO 6/21/2021, 12:04:38 PM  added recovery 1 undefined "123313223113


...Roksa @Mgia,

)" (103)
INFO 6/21/2021, 12:04:38 PM  synced recovery
INFO 6/21/2021, 12:04:39 PM  added recovery 1 undefined 

 (2)
INFO 6/21/2021, 12:04:39 PM  synced recovery
INFO 6/21/2021, 12:04:40 PM  added recovery 1 undefined 

W (3)
INFO 6/21/2021, 12:04:40 PM  synced recovery
INFO 6/21/2021, 12:04:42 PM  added recovery 1 undefined H (1)
INFO 6/21/2021, 12:04:42 PM  synced recovery
INFO 6/21/2021, 12:04:42 PM  added recovery 1 undefined He (2)
INFO 6/21/2021, 12:04:42 PM  synced recovery
INFO 6/21/2021, 12:04:44 PM  added recovery 1 undefined Hello in this tuttt (19)
INFO 6/21/2021, 12:04:44 PM  synced recovery
INFO 6/21/2021, 12:04:45 PM  added recovery 1 undefined Hello in this tuto (18)
INFO 6/21/2021, 12:04:45 PM  synced recovery
INFO 6/21/2021, 12:04:46 PM  added recovery 1 undefined Hello in this tutorial I;'' (27)
INFO 6/21/2021, 12:04:46 PM  synced recovery
INFO 6/21/2021, 12:04:47 PM  added recovery 1 undefined Hello in this tutorial I; (25)
INFO 6/21/2021, 12:04:47 PM  synced recovery
INFO 6/21/2021, 12:04:47 PM  added recovery 1 undefined Hello in this tutorial I' (25)
INFO 6/21/2021, 12:04:47 PM  synced recovery
INFO 6/21/2021, 12:04:50 PM  added recovery 1 undefined Hello in this tutorial I'll show you how tto (44)
INFO 6/21/2021, 12:04:50 PM  synced recovery
INFO 6/21/2021, 12:04:51 PM  added recovery 1 undefined Hello in this tutorial I'll show you how t  (43)
INFO 6/21/2021, 12:04:51 PM  synced recovery
INFO 6/21/2021, 12:04:51 PM  added recovery 1 undefined Hello in this tutorial I'll show you how t (42)
INFO 6/21/2021, 12:04:51 PM  synced recovery
INFO 6/21/2021, 12:04:51 PM  added recovery 1 undefined Hello in this tutorial I'll show you how to (43)
INFO 6/21/2021, 12:04:51 PM  synced recovery
INFO 6/21/2021, 12:04:54 PM  added recovery 1 undefined "Hello in this t...atll adobhre ph" (62)
INFO 6/21/2021, 12:04:54 PM  synced recovery
INFO 6/21/2021, 12:04:57 PM  added recovery 1 undefined "Hello in this t...p for free on w" (83)
INFO 6/21/2021, 12:04:57 PM  synced recovery
INFO 6/21/2021, 12:04:58 PM  added recovery 1 undefined "Hello in this t...op for free on " (82)
INFO 6/21/2021, 12:04:58 PM  synced recovery
INFO 6/21/2021, 12:04:59 PM  added recovery 1 undefined "Hello in this t...p for free on w" (83)
INFO 6/21/2021, 12:04:59 PM  synced recovery
INFO 6/21/2021, 12:05:00 PM  added recovery 1 undefined "Hello in this t...e on windows!

" (92)
INFO 6/21/2021, 12:05:00 PM  synced recovery
INFO 6/21/2021, 12:05:02 PM  added recovery 1 undefined "Hello in this t... on windows!

L" (93)
INFO 6/21/2021, 12:05:02 PM  synced recovery
INFO 6/21/2021, 12:05:02 PM  added recovery 1 undefined "Hello in this t...windows!

Lett'" (97)
INFO 6/21/2021, 12:05:02 PM  synced recovery
INFO 6/21/2021, 12:05:05 PM  added recovery 1 undefined "Hello in this t...s get sttarerhj" (112)
INFO 6/21/2021, 12:05:05 PM  synced recovery
INFO 6/21/2021, 12:05:12 PM  added recovery 1 undefined "Hello in this t...hhhh5fggggggggg" (130)
INFO 6/21/2021, 12:05:12 PM  synced recovery
INFO 6/21/2021, 12:05:16 PM  added recovery 1 undefined "Hello in this t...ggggggttttttttt" (139)
INFO 6/21/2021, 12:05:16 PM  synced recovery
INFO 6/21/2021, 12:05:19 PM  added recovery 1 undefined "Hello in this t...ttttttttttttttt" (149)
INFO 6/21/2021, 12:05:19 PM  synced recovery
INFO 6/21/2021, 12:05:23 PM  added recovery 1 undefined "Hello in this t...ttttttttttttttt" (159)
INFO 6/21/2021, 12:05:23 PM  synced recovery
INFO 6/21/2021, 12:05:26 PM  added recovery 1 undefined "Hello in this t...ttttttttttttttt" (169)
INFO 6/21/2021, 12:05:26 PM  synced recovery
INFO 6/21/2021, 12:05:31 PM  added recovery 1 undefined "Hello in this t...ttttttttttttttt" (173)
INFO 6/21/2021, 12:05:31 PM  synced recovery
INFO 6/21/2021, 12:05:33 PM  added recovery 1 undefined 

 (2)
INFO 6/21/2021, 12:05:33 PM  synced recovery
INFO 6/21/2021, 12:05:34 PM  added recovery 1 undefined 

M (3)
INFO 6/21/2021, 12:05:34 PM  synced recovery
INFO 6/21/2021, 12:05:35 PM  added recovery 1 undefined 

Mam p ł (9)
INFO 6/21/2021, 12:05:35 PM  synced recovery
INFO 6/21/2021, 12:05:36 PM  added recovery 1 undefined 

Mam pł (8)
INFO 6/21/2021, 12:05:36 PM  synced recovery
INFO 6/21/2021, 12:05:39 PM  added recovery 1 undefined 

Mam płuca zlepione topami

 (29)
INFO 6/21/2021, 12:05:39 PM  synced recovery
INFO 6/21/2021, 12:05:40 PM  added recovery 1 undefined 

Mam płuca zlepione topami

M (30)
INFO 6/21/2021, 12:05:40 PM  synced recovery
INFO 6/21/2021, 12:05:42 PM  added recovery 1 undefined 

Mam płuca zlepione topami

Mała weź przu (42)
INFO 6/21/2021, 12:05:42 PM  synced recovery
INFO 6/21/2021, 12:05:42 PM  added recovery 1 undefined 

Mam płuca zlepione topami

Mała weź przy (42)
INFO 6/21/2021, 12:05:42 PM  synced recovery
INFO 6/21/2021, 12:05:43 PM  added recovery 1 undefined 

Mam płuca zlepione topami

Mała weź przyłó (44)
INFO 6/21/2021, 12:05:43 PM  synced recovery
INFO 6/21/2021, 12:05:43 PM  added recovery 1 undefined 

Mam płuca zlepione topami

Mała weź przyłóż (45)
INFO 6/21/2021, 12:05:43 PM  synced recovery
INFO 6/21/2021, 12:05:45 PM  added recovery 1 undefined "

Mam płuca zle...zyłóż do rany

" (55)
INFO 6/21/2021, 12:05:45 PM  synced recovery
INFO 6/21/2021, 12:05:45 PM  added recovery 1 undefined "

Mam płuca zle...yłóż do rany

H" (56)
INFO 6/21/2021, 12:05:45 PM  synced recovery
INFO 6/21/2021, 12:05:47 PM  added recovery 1 undefined "

Mam płuca zle...hahahahaahaha

" (74)
INFO 6/21/2021, 12:05:47 PM  synced recovery
INFO 6/21/2021, 12:05:47 PM  added recovery 1 undefined "

Mam płuca zle...ahahahaahaha

K" (75)
INFO 6/21/2021, 12:05:47 PM  synced recovery
INFO 6/21/2021, 12:05:48 PM  added recovery 1 undefined "

Mam płuca zle...a

KrjikaPO{ik}" (86)
INFO 6/21/2021, 12:05:48 PM  synced recovery
INFO 6/21/2021, 12:05:48 PM  added recovery 1 undefined "

Mam płuca zle...aPO{ikd KPOA
S}" (94)
INFO 6/21/2021, 12:05:48 PM  synced recovery
INFO 6/21/2021, 12:05:48 PM  added recovery 1 undefined "

Mam płuca zle...d KPOA
Sdk

lp}" (100)
INFO 6/21/2021, 12:05:48 PM  synced recovery
INFO 6/21/2021, 12:05:49 PM  added recovery 1 undefined "

Mam płuca zle...p.lasl;dkasl

}" (113)
INFO 6/21/2021, 12:05:49 PM  synced recovery
INFO 6/21/2021, 12:05:49 PM  added recovery 1 undefined "

Mam płuca zle....lasl;dkasl

d}" (114)
INFO 6/21/2021, 12:05:49 PM  synced recovery
INFO 6/21/2021, 12:05:50 PM  added recovery 1 undefined "

Mam płuca zle...dkasl

dlkas

}" (120)
INFO 6/21/2021, 12:05:50 PM  synced recovery
INFO 6/21/2021, 12:05:50 PM  added recovery 1 undefined "

Mam płuca zle...kasl

dlkas

d}" (121)
INFO 6/21/2021, 12:05:50 PM  synced recovery
INFO 6/21/2021, 12:05:50 PM  added recovery 1 undefined "

Mam płuca zle...lkas

dkl

a;s}" (128)
INFO 6/21/2021, 12:05:50 PM  synced recovery
INFO 6/21/2021, 12:05:51 PM  added recovery 1 undefined "

Mam płuca zle...
dkl

a;sdklasd" (133)
INFO 6/21/2021, 12:05:51 PM  synced recovery
INFO 6/21/2021, 12:05:54 PM  added recovery 1 undefined "

Mam płuca zle...
dkl

a;sdklasd" (133)
INFO 6/21/2021, 12:05:54 PM  synced recovery
INFO 6/21/2021, 12:05:57 PM  added recovery 1 undefined "

Mam płuca zle...l

dlkas

dkl

" (124)
INFO 6/21/2021, 12:05:57 PM  synced recovery
INFO 6/21/2021, 12:05:58 PM  added recovery 1 undefined "

Mam płuca zle...asl

dlkas

dkl" (122)
INFO 6/21/2021, 12:05:58 PM  synced recovery
INFO 6/21/2021, 12:05:58 PM  added recovery 1 undefined "

Mam płuca zle...asl

dlkas

dkl" (122)
INFO 6/21/2021, 12:05:58 PM  synced recovery
INFO 6/21/2021, 12:05:59 PM  added recovery 1 undefined "

Mam płuca zle...sl;dkasl

dlkas" (117)
INFO 6/21/2021, 12:05:59 PM  synced recovery
INFO 6/21/2021, 12:05:59 PM  added recovery 1 undefined "

Mam płuca zle...sl;dkasl

dlkas" (117)
INFO 6/21/2021, 12:05:59 PM  synced recovery
INFO 6/21/2021, 12:06:00 PM  added recovery 1 undefined "

Mam płuca zle...

lp.lasl;dkasl" (110)
INFO 6/21/2021, 12:06:00 PM  synced recovery
INFO 6/21/2021, 12:06:00 PM  added recovery 1 undefined "

Mam płuca zle...k

lp.lasl;dkas" (109)
INFO 6/21/2021, 12:06:00 PM  synced recovery
INFO 6/21/2021, 12:06:06 PM  added recovery 1 undefined "

Mam płuca zle...d KPOA
Sdk

lp	" (100)
INFO 6/21/2021, 12:06:06 PM  synced recovery
INFO 6/21/2021, 12:06:07 PM  added recovery 1 undefined "

Mam płuca zle... KPOA
Sdk

lp		" (101)
INFO 6/21/2021, 12:06:07 PM  synced recovery
INFO 6/21/2021, 12:06:07 PM  added recovery 1 undefined "

Mam płuca zle...KPOA
Sdk

lp			" (102)
INFO 6/21/2021, 12:06:07 PM  synced recovery
INFO 6/21/2021, 12:06:07 PM  added recovery 1 undefined "

Mam płuca zle...POA
Sdk

lp				" (103)
INFO 6/21/2021, 12:06:07 PM  synced recovery
INFO 6/21/2021, 12:06:07 PM  added recovery 1 undefined "

Mam płuca zle...OA
Sdk

lp					" (104)
INFO 6/21/2021, 12:06:07 PM  synced recovery
INFO 6/21/2021, 12:06:07 PM  added recovery 1 undefined "

Mam płuca zle...A
Sdk

lp						" (105)
INFO 6/21/2021, 12:06:07 PM  synced recovery
INFO 6/21/2021, 12:06:07 PM  added recovery 1 undefined "

Mam płuca zle...
Sdk

lp							" (106)
INFO 6/21/2021, 12:06:07 PM  synced recovery
INFO 6/21/2021, 12:06:17 PM  added recovery 2 null undefined (0)
INFO 6/21/2021, 12:06:17 PM  [blur] 1
INFO 6/21/2021, 12:06:17 PM  [win] blur
INFO 6/21/2021, 12:06:17 PM  [focus] 2
INFO 6/21/2021, 12:06:17 PM  synced recovery
INFO 6/21/2021, 12:06:17 PM  handle document.loadInitData
INFO 6/21/2021, 12:06:17 PM  added recovery 2 undefined undefined (0)
INFO 6/21/2021, 12:06:17 PM  synced recovery
INFO 6/21/2021, 12:06:18 PM  added recovery 2 undefined \ (1)
INFO 6/21/2021, 12:06:18 PM  synced recovery
INFO 6/21/2021, 12:06:18 PM  added recovery 2 undefined \\\\ (4)
INFO 6/21/2021, 12:06:18 PM  synced recovery
INFO 6/21/2021, 12:06:20 PM  [blur] 2
INFO 6/21/2021, 12:06:20 PM  [win] blur
INFO 6/21/2021, 12:06:20 PM  [focus] 1
INFO 6/21/2021, 12:06:20 PM  added recovery 1 undefined "

Mam płuca zle...
Sdk

lp							" (106)
INFO 6/21/2021, 12:06:20 PM  synced recovery
INFO 6/21/2021, 12:06:22 PM  [focus] 2
INFO 6/21/2021, 12:06:24 PM  synced recovery
INFO 6/21/2021, 12:06:24 PM  ----------------before-quit-----------------
INFO 6/21/2021, 12:06:24 PM  ------------------will-quit------------------
INFO 6/21/2021, 12:06:24 PM  -----------------quit------------------
INFO 6/21/2021, 12:06:24 PM  closeLogging
INFO 6/24/2021, 3:22:13 PM  ------------------start------------------
INFO 6/24/2021, 3:22:13 PM  typora version: 0.10.11
INFO 6/24/2021, 3:22:13 PM  [Raven] instanceKey = 07c5bdc2-e515-42a4-b077-05d69f9d7cd4
INFO 6/24/2021, 3:22:13 PM  added recovery 1 null undefined (0)
INFO 6/24/2021, 3:22:13 PM  [focus] 1
INFO 6/24/2021, 3:22:13 PM  [Raven] userId = d3e9326e-b2d0-48e9-8f48-82d218e055ff
INFO 6/24/2021, 3:22:13 PM  synced recovery
INFO 6/24/2021, 3:22:14 PM  handle document.loadInitData
INFO 6/24/2021, 3:22:14 PM  added recovery 1 undefined undefined (0)
INFO 6/24/2021, 3:22:14 PM  synced recovery
INFO 6/24/2021, 3:22:14 PM  [blur] 1
INFO 6/24/2021, 3:22:14 PM  [win] blur
INFO 6/24/2021, 3:22:14 PM  [focus] 1
INFO 6/24/2021, 3:22:16 PM  added recovery 1 undefined j (1)
INFO 6/24/2021, 3:22:16 PM  synced recovery
INFO 6/24/2021, 3:22:19 PM  added recovery 1 undefined juleczka <3 (11)
INFO 6/24/2021, 3:22:19 PM  synced recovery
INFO 6/24/2021, 3:22:19 PM  added recovery 1 undefined juleczka <3  (12)
INFO 6/24/2021, 3:22:19 PM  synced recovery
INFO 6/24/2021, 3:22:22 PM  added recovery 1 undefined juleczka <3 <3 BLM  (19)
INFO 6/24/2021, 3:22:22 PM  synced recovery
INFO 6/24/2021, 3:22:22 PM  added recovery 1 undefined juleczka <3 <3 BLM H (20)
INFO 6/24/2021, 3:22:22 PM  synced recovery
INFO 6/24/2021, 3:22:25 PM  added recovery 1 undefined juleczka <3 <3 BLM HWDP JEBAĆ PIS L (35)
INFO 6/24/2021, 3:22:25 PM  synced recovery
INFO 6/24/2021, 3:22:28 PM  added recovery 1 undefined juleczka <3 <3 BLM HWDP JEBAĆ PIS LGBTGA (40)
INFO 6/24/2021, 3:22:28 PM  synced recovery
INFO 6/24/2021, 3:22:32 PM  added recovery 1 undefined juleczka <3 <3 BLM HWDP JEBAĆ PIS LGBTQ (39)
INFO 6/24/2021, 3:22:32 PM  synced recovery
INFO 6/24/2021, 3:22:33 PM  added recovery 1 undefined juleczka <3 <3 BLM HWDP JEBAĆ PIS LGBTQIA (41)
INFO 6/24/2021, 3:22:33 PM  synced recovery
INFO 6/24/2021, 3:22:33 PM  added recovery 1 undefined juleczka <3 <3 BLM HWDP JEBAĆ PIS LGBTQIA+ (42)
INFO 6/24/2021, 3:22:33 PM  synced recovery
INFO 6/24/2021, 3:22:38 PM  added recovery 1 undefined juleczka <3 <3 BLM HWDP JEBAĆ PIS LGBTQIA+  (43)
INFO 6/24/2021, 3:22:38 PM  synced recovery
INFO 6/24/2021, 3:22:40 PM  added recovery 1 undefined juleczka <3 <3 BLM HWDP JEBAĆ PIS LGBTQIA+ her (46)
INFO 6/24/2021, 3:22:40 PM  synced recovery
INFO 6/24/2021, 3:22:43 PM  added recovery 1 undefined juleczka <3 <3 BLM HWDP JEBAĆ PIS LGBTQIA+ n (44)
INFO 6/24/2021, 3:22:43 PM  synced recovery
INFO 6/24/2021, 3:23:01 PM  added recovery 1 undefined juleczka <3 <3 BLM HWDP JEBAĆ PIS LGBTQIA+ nor/mal (50)
INFO 6/24/2021, 3:23:01 PM  synced recovery
INFO 6/24/2021, 3:23:06 PM  synced recovery
INFO 6/24/2021, 3:23:06 PM  ----------------before-quit-----------------
INFO 6/24/2021, 3:23:06 PM  ------------------will-quit------------------
INFO 6/24/2021, 3:23:06 PM  -----------------quit------------------
INFO 6/24/2021, 3:23:06 PM  closeLogging
INFO 6/26/2021, 2:13:38 PM  ------------------start------------------
INFO 6/26/2021, 2:13:38 PM  typora version: 0.10.11
INFO 6/26/2021, 2:13:38 PM  [Raven] instanceKey = eded5840-d3a5-472f-bbcb-bb65fc2303f4
INFO 6/26/2021, 2:13:38 PM  added recovery 1 null undefined (0)
INFO 6/26/2021, 2:13:38 PM  [focus] 1
INFO 6/26/2021, 2:13:38 PM  synced recovery
INFO 6/26/2021, 2:13:38 PM  [Raven] userId = d3e9326e-b2d0-48e9-8f48-82d218e055ff
INFO 6/26/2021, 2:13:38 PM  handle document.loadInitData
INFO 6/26/2021, 2:13:38 PM  added recovery 1 undefined undefined (0)
INFO 6/26/2021, 2:13:38 PM  synced recovery
INFO 6/26/2021, 2:13:40 PM  [blur] 1
INFO 6/26/2021, 2:13:40 PM  [win] blur
INFO 6/26/2021, 2:13:41 PM  [focus] 1
INFO 6/26/2021, 2:13:43 PM  added recovery 1 undefined a (1)
INFO 6/26/2021, 2:13:43 PM  synced recovery
INFO 6/26/2021, 2:13:46 PM  added recovery 1 undefined asdkasldkdkddddddddasdasddd (27)
INFO 6/26/2021, 2:13:46 PM  synced recovery
INFO 6/26/2021, 2:13:49 PM  added recovery 1 undefined asdkasldkdkddddddddasdasdddddddjasdkljaskldjaskjld (50)
INFO 6/26/2021, 2:13:49 PM  synced recovery
INFO 6/26/2021, 2:13:56 PM  added recovery 1 undefined "asdkasldkdkdddd...dalksjdasddddds" (64)
INFO 6/26/2021, 2:13:56 PM  synced recovery
INFO 6/26/2021, 2:14:02 PM  added recovery 1 undefined "asdkasldkdkdddd...dddddsssssafcfa" (73)
INFO 6/26/2021, 2:14:02 PM  synced recovery
INFO 6/26/2021, 2:14:05 PM  added recovery 1 undefined "asdkasldkdkdddd...kljdddjdjddjddk" (95)
INFO 6/26/2021, 2:14:05 PM  synced recovery
INFO 6/26/2021, 2:14:08 PM  added recovery 1 undefined "asdkasldkdkdddd...ddjddkkijjjjahS" (104)
INFO 6/26/2021, 2:14:08 PM  synced recovery
INFO 6/26/2021, 2:14:13 PM  added recovery 1 undefined "hasdkasldkdkddd...ijjjjahSGdgajaj" (112)
INFO 6/26/2021, 2:14:13 PM  synced recovery
INFO 6/26/2021, 2:14:15 PM  synced recovery
INFO 6/26/2021, 2:14:15 PM  ----------------before-quit-----------------
INFO 6/26/2021, 2:14:15 PM  ------------------will-quit------------------
INFO 6/26/2021, 2:14:15 PM  -----------------quit------------------
INFO 6/26/2021, 2:14:15 PM  closeLogging
INFO 7/1/2021, 2:36:54 PM  ------------------start------------------
INFO 7/1/2021, 2:36:54 PM  typora version: 0.10.11
INFO 7/1/2021, 2:36:54 PM  [Raven] instanceKey = 55cb4b69-fc86-43c7-9991-b7ebfe1c2fdb
INFO 7/1/2021, 2:36:54 PM  added recovery 1 null undefined (0)
INFO 7/1/2021, 2:36:54 PM  [Raven] userId = d3e9326e-b2d0-48e9-8f48-82d218e055ff
INFO 7/1/2021, 2:36:54 PM  [focus] 1
INFO 7/1/2021, 2:36:54 PM  synced recovery
INFO 7/1/2021, 2:36:55 PM  handle document.loadInitData
INFO 7/1/2021, 2:36:55 PM  added recovery 1 undefined undefined (0)
INFO 7/1/2021, 2:36:55 PM  synced recovery
INFO 7/1/2021, 2:37:00 PM  added recovery 1 undefined a (1)
INFO 7/1/2021, 2:37:00 PM  synced recovery
INFO 7/1/2021, 2:37:05 PM  [blur] 1
INFO 7/1/2021, 2:37:05 PM  [win] blur
INFO 7/1/2021, 2:37:24 PM  [focus] 1
INFO 7/1/2021, 2:37:24 PM  [blur] 1
INFO 7/1/2021, 2:37:24 PM  [win] blur
INFO 7/1/2021, 2:37:24 PM  [focus] 1
INFO 7/1/2021, 2:37:27 PM  synced recovery
INFO 7/1/2021, 2:37:27 PM  ----------------before-quit-----------------
INFO 7/1/2021, 2:37:27 PM  ------------------will-quit------------------
INFO 7/1/2021, 2:37:27 PM  -----------------quit------------------
INFO 7/1/2021, 2:37:27 PM  closeLogging
INFO 7/11/2021, 12:19:48 AM  ------------------start------------------
INFO 7/11/2021, 12:19:48 AM  typora version: 0.10.11
INFO 7/11/2021, 12:19:48 AM  [Raven] instanceKey = 215d1763-4f39-49df-9ffb-ad15718489a7
INFO 7/11/2021, 12:19:48 AM  added recovery 1 null undefined (0)
INFO 7/11/2021, 12:19:48 AM  [Raven] userId = d3e9326e-b2d0-48e9-8f48-82d218e055ff
INFO 7/11/2021, 12:19:48 AM  [focus] 1
INFO 7/11/2021, 12:19:48 AM  synced recovery
INFO 7/11/2021, 12:19:49 AM  handle document.loadInitData
INFO 7/11/2021, 12:19:49 AM  added recovery 1 undefined undefined (0)
INFO 7/11/2021, 12:19:49 AM  synced recovery
INFO 7/11/2021, 12:19:51 AM  added recovery 1 undefined * (1)
INFO 7/11/2021, 12:19:51 AM  synced recovery
INFO 7/11/2021, 12:19:51 AM  added recovery 1 undefined *  (2)
INFO 7/11/2021, 12:19:51 AM  synced recovery
INFO 7/11/2021, 12:19:52 AM  added recovery 1 undefined * k (3)
INFO 7/11/2021, 12:19:52 AM  synced recovery
INFO 7/11/2021, 12:19:53 AM  added recovery 1 undefined * ke (4)
INFO 7/11/2021, 12:19:53 AM  synced recovery
INFO 7/11/2021, 12:19:54 AM  added recovery 1 undefined * kl (4)
INFO 7/11/2021, 12:19:54 AM  synced recovery
INFO 7/11/2021, 12:19:56 AM  added recovery 1 undefined * klepsydra
*  (14)
INFO 7/11/2021, 12:19:56 AM  synced recovery
INFO 7/11/2021, 12:19:58 AM  added recovery 1 undefined * klepsydra
* h (15)
INFO 7/11/2021, 12:19:58 AM  synced recovery
INFO 7/11/2021, 12:19:58 AM  added recovery 1 undefined * klepsydra
* habit
*  (22)
INFO 7/11/2021, 12:19:58 AM  synced recovery
INFO 7/11/2021, 12:20:01 AM  added recovery 1 undefined * klepsydra
* habit
* d (23)
INFO 7/11/2021, 12:20:01 AM  synced recovery
INFO 7/11/2021, 12:20:02 AM  added recovery 1 undefined * klepsydra
* habit
* damage
*  (31)
INFO 7/11/2021, 12:20:02 AM  synced recovery
INFO 7/11/2021, 12:20:04 AM  [blur] 1
INFO 7/11/2021, 12:20:04 AM  [win] blur
INFO 7/11/2021, 1:04:34 AM  [focus] 1
INFO 7/11/2021, 1:04:34 AM  [blur] 1
INFO 7/11/2021, 1:04:34 AM  [win] blur
INFO 7/11/2021, 1:04:36 AM  [focus] 1
INFO 7/11/2021, 1:04:36 AM  added recovery 1 undefined * klepsydra
* habit
* damage
*  (31)
INFO 7/11/2021, 1:04:36 AM  synced recovery
INFO 7/11/2021, 1:04:37 AM  synced recovery
INFO 7/11/2021, 1:04:37 AM  ----------------before-quit-----------------
INFO 7/11/2021, 1:04:37 AM  ------------------will-quit------------------
INFO 7/11/2021, 1:04:37 AM  -----------------quit------------------
INFO 7/11/2021, 1:04:37 AM  closeLogging
INFO 7/20/2021, 1:59:31 PM  ------------------start------------------
INFO 7/20/2021, 1:59:31 PM  typora version: 0.10.11
INFO 7/20/2021, 1:59:31 PM  [Raven] instanceKey = 21d6ff75-4559-4529-ba2f-af42c1a5754d
INFO 7/20/2021, 1:59:31 PM  added recovery 1 null undefined (0)
INFO 7/20/2021, 1:59:31 PM  [focus] 1
INFO 7/20/2021, 1:59:31 PM  [Raven] userId = d3e9326e-b2d0-48e9-8f48-82d218e055ff
INFO 7/20/2021, 1:59:31 PM  synced recovery
INFO 7/20/2021, 1:59:31 PM  handle document.loadInitData
INFO 7/20/2021, 1:59:31 PM  added recovery 1 undefined undefined (0)
INFO 7/20/2021, 1:59:31 PM  synced recovery
INFO 7/20/2021, 1:59:36 PM  [blur] 1
INFO 7/20/2021, 1:59:36 PM  [win] blur
INFO 7/20/2021, 1:59:50 PM  [focus] 1
INFO 7/20/2021, 1:59:51 PM  synced recovery
INFO 7/20/2021, 1:59:51 PM  ----------------before-quit-----------------
INFO 7/20/2021, 1:59:51 PM  ------------------will-quit------------------
INFO 7/20/2021, 1:59:51 PM  -----------------quit------------------
INFO 7/20/2021, 1:59:51 PM  closeLogging
INFO 7/25/2021, 4:30:42 PM  luanchFromDiffVersion, pre version is 0.10.11
INFO 7/25/2021, 4:30:42 PM  overwriteThemeFolder
INFO 7/25/2021, 4:30:42 PM  ------------------start------------------
INFO 7/25/2021, 4:30:42 PM  typora version: 0.11.1
INFO 7/25/2021, 4:30:43 PM  addRecentDocument
INFO 7/25/2021, 4:30:43 PM  added recovery 1 /run/user/1000/kio-fuse-AQVchQ/smb/raspberrypi/main-storage/SCHOOL/YEAR 2/in-on-zadanie.md undefined (0)
INFO 7/25/2021, 4:30:43 PM  [Raven] instanceKey = 6aad2114-ac89-4d74-8d9d-da0dcb4bd7c5
INFO 7/25/2021, 4:30:43 PM  [Raven] userId = d3e9326e-b2d0-48e9-8f48-82d218e055ff
INFO 7/25/2021, 4:30:43 PM  [focus] 1
INFO 7/25/2021, 4:30:43 PM  synced recovery
INFO 7/25/2021, 4:30:44 PM  handle document.loadInitData
INFO 7/25/2021, 4:30:44 PM  added recovery 1 /run/user/1000/kio-fuse-AQVchQ/smb/raspberrypi/main-storage/SCHOOL/YEAR 2/in-on-zadanie.md undefined (0)
INFO 7/25/2021, 4:30:44 PM  synced recovery
INFO 7/25/2021, 4:30:50 PM  added recovery 1 /run/user/1000/kio-fuse-AQVchQ/smb/raspberrypi/main-storage/SCHOOL/YEAR 2/in-on-zadanie.md "# 1

8. in publ...12. on business" (245)
INFO 7/25/2021, 4:30:50 PM  synced recovery
INFO 7/25/2021, 4:30:57 PM  synced recovery
INFO 7/25/2021, 4:30:57 PM  ----------------before-quit-----------------
INFO 7/25/2021, 4:30:57 PM  ------------------will-quit------------------
INFO 7/25/2021, 4:30:57 PM  -----------------quit------------------
INFO 7/25/2021, 4:30:57 PM  closeLogging
INFO 7/25/2021, 4:31:02 PM  ------------------start------------------
INFO 7/25/2021, 4:31:02 PM  typora version: 0.11.1
INFO 7/25/2021, 4:31:02 PM  addRecentDocument
INFO 7/25/2021, 4:31:02 PM  added recovery 1 /run/user/1000/kio-fuse-AQVchQ/smb/raspberrypi/main-storage/SCHOOL/YEAR 2/frencz_nie.md undefined (0)
INFO 7/25/2021, 4:31:02 PM  [Raven] instanceKey = 095a1508-4d22-4806-939e-2988bd9eeb52
INFO 7/25/2021, 4:31:02 PM  [focus] 1
INFO 7/25/2021, 4:31:02 PM  synced recovery
INFO 7/25/2021, 4:31:02 PM  [Raven] userId = d3e9326e-b2d0-48e9-8f48-82d218e055ff
INFO 7/25/2021, 4:31:04 PM  handle document.loadInitData
INFO 7/25/2021, 4:31:04 PM  added recovery 1 /run/user/1000/kio-fuse-AQVchQ/smb/raspberrypi/main-storage/SCHOOL/YEAR 2/frencz_nie.md undefined (0)
INFO 7/25/2021, 4:31:04 PM  synced recovery
INFO 7/25/2021, 4:31:10 PM  synced recovery
INFO 7/25/2021, 4:31:10 PM  ----------------before-quit-----------------
INFO 7/25/2021, 4:31:10 PM  ------------------will-quit------------------
INFO 7/25/2021, 4:31:10 PM  -----------------quit------------------
INFO 7/25/2021, 4:31:10 PM  closeLogging
INFO 7/25/2021, 4:31:15 PM  ------------------start------------------
INFO 7/25/2021, 4:31:15 PM  typora version: 0.11.1
INFO 7/25/2021, 4:31:15 PM  addRecentDocument
INFO 7/25/2021, 4:31:15 PM  added recovery 1 /run/user/1000/kio-fuse-AQVchQ/smb/raspberrypi/main-storage/SCHOOL/YEAR 2/frencz writing.md undefined (0)
INFO 7/25/2021, 4:31:15 PM  [Raven] instanceKey = d1f36bf1-0bb1-4710-98b5-e8e53ba3fdb0
INFO 7/25/2021, 4:31:15 PM  [Raven] userId = d3e9326e-b2d0-48e9-8f48-82d218e055ff
INFO 7/25/2021, 4:31:15 PM  [focus] 1
INFO 7/25/2021, 4:31:15 PM  synced recovery
INFO 7/25/2021, 4:31:15 PM  [blur] 1
INFO 7/25/2021, 4:31:15 PM  [win] blur
INFO 7/25/2021, 4:31:15 PM  handle document.loadInitData
INFO 7/25/2021, 4:31:15 PM  added recovery 1 /run/user/1000/kio-fuse-AQVchQ/smb/raspberrypi/main-storage/SCHOOL/YEAR 2/frencz writing.md undefined (0)
INFO 7/25/2021, 4:31:15 PM  synced recovery
INFO 7/25/2021, 4:31:15 PM  [focus] 1
INFO 7/25/2021, 4:31:19 PM  added recovery 1 /run/user/1000/kio-fuse-AQVchQ/smb/raspberrypi/main-storage/SCHOOL/YEAR 2/frencz writing.md "- Bonjour Anton...
- Ok à samedi!" (221)
INFO 7/25/2021, 4:31:19 PM  synced recovery
INFO 7/25/2021, 4:31:28 PM  added recovery 1 /run/user/1000/kio-fuse-AQVchQ/smb/raspberrypi/main-storage/SCHOOL/YEAR 2/frencz writing.md "- Bonjour Anton...Ok à samedi!

 " (224)
INFO 7/25/2021, 4:31:28 PM  synced recovery
INFO 7/25/2021, 4:31:30 PM  added recovery 1 /run/user/1000/kio-fuse-AQVchQ/smb/raspberrypi/main-storage/SCHOOL/YEAR 2/frencz writing.md "- Bonjour Anton...Ok à samedi!

 " (224)
INFO 7/25/2021, 4:31:30 PM  synced recovery
INFO 7/25/2021, 4:32:14 PM  synced recovery
INFO 7/25/2021, 4:32:14 PM  ----------------before-quit-----------------
INFO 7/25/2021, 4:32:14 PM  ------------------will-quit------------------
INFO 7/25/2021, 4:32:14 PM  -----------------quit------------------
INFO 7/25/2021, 4:32:14 PM  closeLogging
INFO 7/27/2021, 6:44:06 PM  ------------------start------------------
INFO 7/27/2021, 6:44:06 PM  typora version: 0.11.1
INFO 7/27/2021, 6:44:06 PM  [Raven] instanceKey = 8fe68d84-f4ec-4b36-ba33-a41a3c07cb2a
INFO 7/27/2021, 6:44:06 PM  added recovery 1 null undefined (0)
INFO 7/27/2021, 6:44:06 PM  [focus] 1
INFO 7/27/2021, 6:44:06 PM  [Raven] userId = d3e9326e-b2d0-48e9-8f48-82d218e055ff
INFO 7/27/2021, 6:44:06 PM  synced recovery
INFO 7/27/2021, 6:44:07 PM  handle document.loadInitData
INFO 7/27/2021, 6:44:07 PM  added recovery 1 undefined undefined (0)
INFO 7/27/2021, 6:44:07 PM  synced recovery
INFO 7/27/2021, 6:44:08 PM  added recovery 1 undefined m (1)
INFO 7/27/2021, 6:44:08 PM  synced recovery
INFO 7/27/2021, 6:44:09 PM  added recovery 1 undefined mining p (8)
INFO 7/27/2021, 6:44:09 PM  synced recovery
INFO 7/27/2021, 6:44:10 PM  added recovery 1 undefined mining pr (9)
INFO 7/27/2021, 6:44:10 PM  synced recovery
INFO 7/27/2021, 6:44:14 PM  added recovery 1 undefined mining profitability (20)
INFO 7/27/2021, 6:44:14 PM  synced recovery
INFO 7/27/2021, 6:44:15 PM  added recovery 1 undefined mining profitability  (21)
INFO 7/27/2021, 6:44:15 PM  synced recovery
INFO 7/27/2021, 6:44:15 PM  added recovery 1 undefined mining profitability t (22)
INFO 7/27/2021, 6:44:15 PM  synced recovery
INFO 7/27/2021, 6:44:16 PM  added recovery 1 undefined mining profitability th (23)
INFO 7/27/2021, 6:44:16 PM  synced recovery
INFO 7/27/2021, 6:44:19 PM  added recovery 1 undefined mining profitability the higher the value the (45)
INFO 7/27/2021, 6:44:19 PM  synced recovery
INFO 7/27/2021, 6:44:22 PM  added recovery 1 undefined "mining profitab...ble it is to mi" (73)
INFO 7/27/2021, 6:44:22 PM  synced recovery
INFO 7/27/2021, 6:44:23 PM  added recovery 1 undefined "mining profitab...it is to mine

" (77)
INFO 7/27/2021, 6:44:23 PM  synced recovery
INFO 7/27/2021, 6:44:24 PM  added recovery 1 undefined "mining profitab...t is to mine

t" (78)
INFO 7/27/2021, 6:44:24 PM  synced recovery
INFO 7/27/2021, 6:44:27 PM  added recovery 1 undefined "mining profitab...graph shows min" (96)
INFO 7/27/2021, 6:44:27 PM  synced recovery
INFO 7/27/2021, 6:44:28 PM  [blur] 1
INFO 7/27/2021, 6:44:28 PM  [win] blur
INFO 7/27/2021, 6:46:33 PM  [focus] 1
INFO 7/27/2021, 6:46:35 PM  [blur] 1
INFO 7/27/2021, 6:46:35 PM  [win] blur
INFO 7/27/2021, 6:51:22 PM  [focus] 1
INFO 7/27/2021, 6:51:22 PM  added recovery 1 undefined "mining profitab...ph shows mining" (99)
INFO 7/27/2021, 6:51:22 PM  synced recovery
INFO 7/27/2021, 6:51:24 PM  synced recovery
INFO 7/27/2021, 6:51:24 PM  ----------------before-quit-----------------
INFO 7/27/2021, 6:51:24 PM  ------------------will-quit------------------
INFO 7/27/2021, 6:51:24 PM  -----------------quit------------------
INFO 7/27/2021, 6:51:24 PM  closeLogging
INFO 8/5/2021, 3:58:07 PM  luanchFromDiffVersion, pre version is 0.11.1
INFO 8/5/2021, 3:58:07 PM  overwriteThemeFolder
INFO 8/5/2021, 3:58:07 PM  ------------------start------------------
INFO 8/5/2021, 3:58:07 PM  typora version: 0.11.2
INFO 8/5/2021, 3:58:07 PM  [Raven] instanceKey = a2909297-d8d1-4365-873f-f88474747f82
INFO 8/5/2021, 3:58:07 PM  added recovery 1 null undefined (0)
INFO 8/5/2021, 3:58:07 PM  [Raven] userId = d3e9326e-b2d0-48e9-8f48-82d218e055ff
INFO 8/5/2021, 3:58:07 PM  [focus] 1
INFO 8/5/2021, 3:58:07 PM  synced recovery
INFO 8/5/2021, 3:58:07 PM  handle document.loadInitData
INFO 8/5/2021, 3:58:07 PM  added recovery 1 undefined undefined (0)
INFO 8/5/2021, 3:58:07 PM  synced recovery
INFO 8/5/2021, 3:58:10 PM  added recovery 1 undefined # (1)
INFO 8/5/2021, 3:58:10 PM  synced recovery
INFO 8/5/2021, 3:58:10 PM  added recovery 1 undefined #  (2)
INFO 8/5/2021, 3:58:10 PM  synced recovery
INFO 8/5/2021, 3:58:11 PM  added recovery 1 undefined # b (3)
INFO 8/5/2021, 3:58:11 PM  synced recovery
INFO 8/5/2021, 3:58:14 PM  added recovery 1 undefined # beta-rig packages  (20)
INFO 8/5/2021, 3:58:14 PM  synced recovery
INFO 8/5/2021, 3:58:16 PM  added recovery 1 undefined # beta-rig packages at pharma

 (31)
INFO 8/5/2021, 3:58:16 PM  synced recovery
INFO 8/5/2021, 3:58:17 PM  [blur] 1
INFO 8/5/2021, 3:58:17 PM  [win] blur
INFO 8/5/2021, 3:58:29 PM  [focus] 1
INFO 8/5/2021, 3:58:31 PM  added recovery 1 undefined # beta-rig packages at pharma

1 (32)
INFO 8/5/2021, 3:58:31 PM  synced recovery
INFO 8/5/2021, 3:58:31 PM  added recovery 1 undefined # beta-rig packages at pharma

1.  (34)
INFO 8/5/2021, 3:58:31 PM  synced recovery
INFO 8/5/2021, 3:58:32 PM  added recovery 1 undefined # beta-rig packages at pharma

1. m (35)
INFO 8/5/2021, 3:58:32 PM  synced recovery
INFO 8/5/2021, 3:58:34 PM  added recovery 1 undefined # beta-rig packages at pharma

1. miner rig
2.  (47)
INFO 8/5/2021, 3:58:34 PM  synced recovery
INFO 8/5/2021, 3:58:36 PM  added recovery 1 undefined # beta-rig packages at pharma

1. miner rig
2. 3 (48)
INFO 8/5/2021, 3:58:36 PM  synced recovery
INFO 8/5/2021, 3:58:38 PM  [blur] 1
INFO 8/5/2021, 3:58:38 PM  [win] blur
INFO 8/5/2021, 3:58:59 PM  [focus] 1
INFO 8/5/2021, 3:59:01 PM  added recovery 1 undefined # beta-rig packages at pharma

1. miner rig
2. 3x  (50)
INFO 8/5/2021, 3:59:01 PM  synced recovery
INFO 8/5/2021, 3:59:03 PM  added recovery 1 undefined "# beta-rig pack...r rig
2. 3x RX " (53)
INFO 8/5/2021, 3:59:03 PM  synced recovery
INFO 8/5/2021, 3:59:03 PM  added recovery 1 undefined "# beta-rig pack... rig
2. 3x RX 5" (54)
INFO 8/5/2021, 3:59:03 PM  synced recovery
INFO 8/5/2021, 3:59:05 PM  added recovery 1 undefined "# beta-rig pack.... 3x RX 570
3. " (60)
INFO 8/5/2021, 3:59:05 PM  synced recovery
INFO 8/5/2021, 3:59:08 PM  [blur] 1
INFO 8/5/2021, 3:59:08 PM  [win] blur
INFO 8/5/2021, 3:59:19 PM  [focus] 1
INFO 8/5/2021, 3:59:20 PM  added recovery 1 undefined "# beta-rig pack.... 3x RX 570
3. " (60)
INFO 8/5/2021, 3:59:20 PM  synced recovery
INFO 8/5/2021, 3:59:21 PM  added recovery 1 undefined "# beta-rig pack... 3x RX 570
3. s" (61)
INFO 8/5/2021, 3:59:21 PM  synced recovery
INFO 8/5/2021, 3:59:24 PM  added recovery 1 undefined "# beta-rig pack...ke detector
4. " (78)
INFO 8/5/2021, 3:59:24 PM  synced recovery
INFO 8/5/2021, 3:59:24 PM  [blur] 1
INFO 8/5/2021, 3:59:24 PM  [win] blur
INFO 8/5/2021, 3:59:39 PM  [focus] 1
INFO 8/5/2021, 3:59:40 PM  added recovery 1 undefined "# beta-rig pack...detector
4. 3

" (81)
INFO 8/5/2021, 3:59:40 PM  synced recovery
INFO 8/5/2021, 3:59:44 PM  added recovery 1 undefined "# beta-rig pack... 3x riser
5. 

" (92)
INFO 8/5/2021, 3:59:44 PM  synced recovery
INFO 8/5/2021, 3:59:45 PM  [blur] 1
INFO 8/5/2021, 3:59:45 PM  [win] blur
INFO 8/5/2021, 3:59:57 PM  [focus] 1
INFO 8/5/2021, 3:59:59 PM  added recovery 1 undefined "# beta-rig pack...3x riser
5. i

" (93)
INFO 8/5/2021, 3:59:59 PM  synced recovery
INFO 8/5/2021, 4:00:01 PM  [blur] 1
INFO 8/5/2021, 4:00:01 PM  [win] blur
INFO 8/5/2021, 4:00:12 PM  [focus] 1
INFO 8/5/2021, 4:00:15 PM  added recovery 1 undefined "# beta-rig pack...l pentium
6. 

" (109)
INFO 8/5/2021, 4:00:15 PM  synced recovery
INFO 8/5/2021, 4:00:17 PM  added recovery 1 undefined "# beta-rig pack... pentium
6. M

" (110)
INFO 8/5/2021, 4:00:17 PM  synced recovery
INFO 8/5/2021, 4:00:18 PM  [blur] 1
INFO 8/5/2021, 4:00:18 PM  [win] blur
INFO 8/5/2021, 4:01:00 PM  [focus] 1
INFO 8/5/2021, 4:01:00 PM  [blur] 1
INFO 8/5/2021, 4:01:00 PM  [win] blur
INFO 8/5/2021, 4:15:41 PM  [focus] 1
INFO 8/5/2021, 4:15:42 PM  [blur] 1
INFO 8/5/2021, 4:15:42 PM  [win] blur
INFO 8/5/2021, 4:15:46 PM  addRecentDocument
INFO 8/5/2021, 4:15:46 PM  added recovery 1 /home/karolproksa/Documents/beta-rig packages at pharma.md null (0)
INFO 8/5/2021, 4:15:46 PM  synced recovery
INFO 8/5/2021, 4:15:46 PM  [focus] 1
INFO 8/5/2021, 4:15:48 PM  synced recovery
INFO 8/5/2021, 4:15:48 PM  ----------------before-quit-----------------
INFO 8/5/2021, 4:15:48 PM  ------------------will-quit------------------
INFO 8/5/2021, 4:15:48 PM  -----------------quit------------------
INFO 8/5/2021, 4:15:48 PM  closeLogging
INFO 8/9/2021, 10:41:36 PM  ------------------start------------------
INFO 8/9/2021, 10:41:36 PM  typora version: 0.11.2
INFO 8/9/2021, 10:41:36 PM  addRecentDocument
INFO 8/9/2021, 10:41:36 PM  added recovery 1 /home/karolproksa/beta-rig packages at pharma.md undefined (0)
INFO 8/9/2021, 10:41:36 PM  [Raven] instanceKey = 9f47ba10-49ce-439c-afc3-820d0187679f
INFO 8/9/2021, 10:41:36 PM  [focus] 1
INFO 8/9/2021, 10:41:36 PM  synced recovery
INFO 8/9/2021, 10:41:36 PM  [Raven] userId = d3e9326e-b2d0-48e9-8f48-82d218e055ff
INFO 8/9/2021, 10:41:36 PM  handle document.loadInitData
INFO 8/9/2021, 10:41:36 PM  added recovery 1 /home/karolproksa/beta-rig packages at pharma.md undefined (0)
INFO 8/9/2021, 10:41:36 PM  synced recovery
INFO 8/9/2021, 10:41:44 PM  [blur] 1
INFO 8/9/2021, 10:41:44 PM  [win] blur
INFO 8/9/2021, 10:41:45 PM  [focus] 1
INFO 8/9/2021, 10:41:48 PM  added recovery 1 /home/karolproksa/beta-rig packages at pharma.md "# beta-rig pack...O

###dasd#

#
" (131)
INFO 8/9/2021, 10:41:48 PM  synced recovery
INFO 8/9/2021, 10:41:59 PM  synced recovery
INFO 8/9/2021, 10:41:59 PM  ----------------before-quit-----------------
INFO 8/9/2021, 10:41:59 PM  ------------------will-quit------------------
INFO 8/9/2021, 10:41:59 PM  -----------------quit------------------
INFO 8/9/2021, 10:41:59 PM  closeLogging
INFO 8/9/2021, 10:42:01 PM  ------------------start------------------
INFO 8/9/2021, 10:42:01 PM  typora version: 0.11.2
INFO 8/9/2021, 10:42:01 PM  addRecentDocument
INFO 8/9/2021, 10:42:01 PM  added recovery 1 /home/karolproksa/beta-rig packages at pharma.md undefined (0)
INFO 8/9/2021, 10:42:01 PM  [Raven] instanceKey = 64518d3a-9042-4acf-bfe1-bf154822d246
INFO 8/9/2021, 10:42:01 PM  [focus] 1
INFO 8/9/2021, 10:42:01 PM  synced recovery
INFO 8/9/2021, 10:42:01 PM  [Raven] userId = d3e9326e-b2d0-48e9-8f48-82d218e055ff
INFO 8/9/2021, 10:42:01 PM  handle document.loadInitData
INFO 8/9/2021, 10:42:01 PM  added recovery 1 /home/karolproksa/beta-rig packages at pharma.md undefined (0)
INFO 8/9/2021, 10:42:01 PM  synced recovery
INFO 8/9/2021, 10:42:08 PM  synced recovery
INFO 8/9/2021, 10:42:08 PM  ----------------before-quit-----------------
INFO 8/9/2021, 10:42:08 PM  ------------------will-quit------------------
INFO 8/9/2021, 10:42:08 PM  -----------------quit------------------
INFO 8/9/2021, 10:42:08 PM  closeLogging
INFO 8/9/2021, 10:43:13 PM  ------------------start------------------
INFO 8/9/2021, 10:43:13 PM  typora version: 0.11.2
INFO 8/9/2021, 10:43:13 PM  addRecentDocument
INFO 8/9/2021, 10:43:13 PM  added recovery 1 /home/karolproksa/beta-rig packages at pharma.md undefined (0)
INFO 8/9/2021, 10:43:13 PM  [Raven] instanceKey = f069d5cd-e8b2-4954-9607-f18f3001211a
INFO 8/9/2021, 10:43:13 PM  [focus] 1
INFO 8/9/2021, 10:43:13 PM  synced recovery
INFO 8/9/2021, 10:43:13 PM  [Raven] userId = d3e9326e-b2d0-48e9-8f48-82d218e055ff
INFO 8/9/2021, 10:43:14 PM  handle document.loadInitData
INFO 8/9/2021, 10:43:14 PM  added recovery 1 /home/karolproksa/beta-rig packages at pharma.md undefined (0)
INFO 8/9/2021, 10:43:14 PM  synced recovery
INFO 8/9/2021, 10:43:29 PM  synced recovery
INFO 8/9/2021, 10:43:29 PM  ----------------before-quit-----------------
INFO 8/9/2021, 10:43:29 PM  ------------------will-quit------------------
INFO 8/9/2021, 10:43:29 PM  -----------------quit------------------
INFO 8/9/2021, 10:43:29 PM  closeLogging
INFO 8/24/2021, 1:05:19 AM  luanchFromDiffVersion, pre version is 0.11.2
INFO 8/24/2021, 1:05:19 AM  cleanupOlderCache
INFO 8/24/2021, 1:05:19 AM  [Raven] instanceKey = dc6b2e63-14cb-4485-90b7-8cf7c1a708ef
INFO 8/24/2021, 1:05:19 AM  overwriteThemeFolder
INFO 8/24/2021, 1:05:19 AM  ------------------start------------------
INFO 8/24/2021, 1:05:19 AM  typora version: 0.11.5
INFO 8/24/2021, 1:05:19 AM  added recovery 1 null undefined (0)
INFO 8/24/2021, 1:05:19 AM  putAccelerator File -> &File
INFO 8/24/2021, 1:05:19 AM  putAccelerator Edit -> &Edit
INFO 8/24/2021, 1:05:19 AM  putAccelerator Paragraph -> &Paragraph
INFO 8/24/2021, 1:05:19 AM  putAccelerator Format -> F&ormat
INFO 8/24/2021, 1:05:19 AM  putAccelerator View -> &View
INFO 8/24/2021, 1:05:19 AM  putAccelerator Themes -> &Themes
INFO 8/24/2021, 1:05:19 AM  putAccelerator Help -> &Help
INFO 8/24/2021, 1:05:19 AM  [focus] 1
INFO 8/24/2021, 1:05:19 AM  synced recovery
INFO 8/24/2021, 1:05:19 AM  [Raven] userId = d3e9326e-b2d0-48e9-8f48-82d218e055ff
INFO 8/24/2021, 1:05:19 AM  [blur] 1
INFO 8/24/2021, 1:05:19 AM  [win] blur
INFO 8/24/2021, 1:05:20 AM  handle document.loadInitData
INFO 8/24/2021, 1:05:20 AM  added recovery 1 undefined undefined (0)
INFO 8/24/2021, 1:05:20 AM  synced recovery
INFO 8/24/2021, 1:05:20 AM  [focus] 1
INFO 8/24/2021, 1:05:21 AM  added recovery 1 undefined P (1)
INFO 8/24/2021, 1:05:21 AM  synced recovery
INFO 8/24/2021, 1:05:24 AM  added recovery 1 undefined PukPuk jest aplikacją (21)
INFO 8/24/2021, 1:05:24 AM  synced recovery
INFO 8/24/2021, 1:05:26 AM  added recovery 1 undefined PukPuk jest aplikacją mobil (27)
INFO 8/24/2021, 1:05:26 AM  synced recovery
INFO 8/24/2021, 1:05:26 AM  added recovery 1 undefined PukPuk jest aplikacją mobiln (28)
INFO 8/24/2021, 1:05:26 AM  synced recovery
INFO 8/24/2021, 1:05:29 AM  added recovery 1 undefined PukPuk jest aplikacją mobilną do wymiany u (42)
INFO 8/24/2021, 1:05:29 AM  synced recovery
INFO 8/24/2021, 1:05:33 AM  added recovery 1 undefined PukPuk jest aplikacją mobilną do wymiany usług.  (48)
INFO 8/24/2021, 1:05:33 AM  synced recovery
INFO 8/24/2021, 1:05:38 AM  added recovery 1 undefined "PukPuk jest apl...i na przykład n" (68)
INFO 8/24/2021, 1:05:38 AM  synced recovery
INFO 8/24/2021, 1:05:41 AM  added recovery 1 undefined "PukPuk jest apl...li na przykład " (67)
INFO 8/24/2021, 1:05:41 AM  synced recovery
INFO 8/24/2021, 1:05:41 AM  added recovery 1 undefined "PukPuk jest apl...i na przykład c" (68)
INFO 8/24/2021, 1:05:41 AM  synced recovery
INFO 8/24/2021, 1:05:44 AM  added recovery 1 undefined "PukPuk jest apl...ałbym zlecić ko" (86)
INFO 8/24/2021, 1:05:44 AM  synced recovery
INFO 8/24/2021, 1:05:48 AM  added recovery 1 undefined "PukPuk jest apl... zlecić komuś k" (91)
INFO 8/24/2021, 1:05:48 AM  synced recovery
INFO 8/24/2021, 1:05:49 AM  added recovery 1 undefined "PukPuk jest apl... zlecić komuś k" (91)
INFO 8/24/2021, 1:05:49 AM  synced recovery
INFO 8/24/2021, 1:05:49 AM  added recovery 1 undefined "PukPuk jest apl... zlecić komuś z" (91)
INFO 8/24/2021, 1:05:49 AM  synced recovery
INFO 8/24/2021, 1:05:50 AM  added recovery 1 undefined "PukPuk jest apl...m zlecić komuś " (90)
INFO 8/24/2021, 1:05:50 AM  synced recovery
INFO 8/24/2021, 1:05:50 AM  added recovery 1 undefined "PukPuk jest apl... zlecić komuś s" (91)
INFO 8/24/2021, 1:05:50 AM  synced recovery
INFO 8/24/2021, 1:05:53 AM  added recovery 1 undefined "PukPuk jest apl...ie trawy, sprzą" (112)
INFO 8/24/2021, 1:05:53 AM  synced recovery
INFO 8/24/2021, 1:05:58 AM  added recovery 1 undefined "PukPuk jest apl...przątanie czy n" (123)
INFO 8/24/2021, 1:05:58 AM  synced recovery
INFO 8/24/2021, 1:05:59 AM  added recovery 1 undefined "PukPuk jest apl...sprzątanie czy " (122)
INFO 8/24/2021, 1:05:59 AM  synced recovery
INFO 8/24/2021, 1:06:00 AM  added recovery 1 undefined "PukPuk jest apl...przątanie czy d" (123)
INFO 8/24/2021, 1:06:00 AM  synced recovery
INFO 8/24/2021, 1:06:02 AM  added recovery 1 undefined "PukPuk jest apl...nie czy drobą n" (129)
INFO 8/24/2021, 1:06:02 AM  synced recovery
INFO 8/24/2021, 1:06:02 AM  added recovery 1 undefined "PukPuk jest apl...ie czy drobą na" (130)
INFO 8/24/2021, 1:06:02 AM  synced recovery
INFO 8/24/2021, 1:06:05 AM  added recovery 1 undefined "PukPuk jest apl...bą naprawę hydr" (140)
INFO 8/24/2021, 1:06:05 AM  synced recovery
INFO 8/24/2021, 1:06:09 AM  added recovery 1 undefined "PukPuk jest apl...rauliczną, to P" (154)
INFO 8/24/2021, 1:06:09 AM  synced recovery
INFO 8/24/2021, 1:06:10 AM  added recovery 1 undefined "PukPuk jest apl...czną, to PukPuj" (159)
INFO 8/24/2021, 1:06:10 AM  synced recovery
INFO 8/24/2021, 1:06:10 AM  added recovery 1 undefined "PukPuk jest apl...czną, to PukPuk" (159)
INFO 8/24/2021, 1:06:10 AM  synced recovery
INFO 8/24/2021, 1:06:13 AM  added recovery 1 undefined "PukPuk jest apl...e miejscem do t" (186)
INFO 8/24/2021, 1:06:13 AM  synced recovery
INFO 8/24/2021, 1:06:14 AM  added recovery 1 undefined "PukPuk jest apl...iejscem do teog" (189)
INFO 8/24/2021, 1:06:14 AM  synced recovery
INFO 8/24/2021, 1:06:15 AM  added recovery 1 undefined "PukPuk jest apl...miejscem do teg" (188)
INFO 8/24/2021, 1:06:15 AM  synced recovery
INFO 8/24/2021, 1:06:20 AM  added recovery 1 undefined "PukPuk jest apl...jscem do tego. " (191)
INFO 8/24/2021, 1:06:20 AM  synced recovery
INFO 8/24/2021, 1:06:24 AM  added recovery 1 undefined "PukPuk jest apl...o. Oprócz tego " (203)
INFO 8/24/2021, 1:06:24 AM  synced recovery
INFO 8/24/2021, 1:06:26 AM  added recovery 1 undefined "PukPuk jest apl... Oprócz tego z " (205)
INFO 8/24/2021, 1:06:26 AM  synced recovery
INFO 8/24/2021, 1:06:26 AM  added recovery 1 undefined "PukPuk jest apl...Oprócz tego z p" (206)
INFO 8/24/2021, 1:06:26 AM  synced recovery
INFO 8/24/2021, 1:06:29 AM  added recovery 1 undefined "PukPuk jest apl...u aplikacji mog" (226)
INFO 8/24/2021, 1:06:29 AM  synced recovery
INFO 8/24/2021, 1:06:29 AM  added recovery 1 undefined "PukPuk jest apl... aplikacji mogę" (227)
INFO 8/24/2021, 1:06:29 AM  synced recovery
INFO 8/24/2021, 1:06:33 AM  added recovery 1 undefined "PukPuk jest apl...i mogę też ofeo" (236)
INFO 8/24/2021, 1:06:33 AM  synced recovery
INFO 8/24/2021, 1:06:34 AM  added recovery 1 undefined "PukPuk jest apl...i mogę też ofer" (236)
INFO 8/24/2021, 1:06:34 AM  synced recovery
INFO 8/24/2021, 1:06:37 AM  added recovery 1 undefined "PukPuk jest apl...ć swoje usługi " (254)
INFO 8/24/2021, 1:06:37 AM  synced recovery
INFO 8/24/2021, 1:06:38 AM  added recovery 1 undefined "PukPuk jest apl...ć swoje usługi " (254)
INFO 8/24/2021, 1:06:38 AM  synced recovery
INFO 8/24/2021, 1:06:38 AM  added recovery 1 undefined "PukPuk jest apl... swoje usługi i" (255)
INFO 8/24/2021, 1:06:38 AM  synced recovery
INFO 8/24/2021, 1:06:40 AM  added recovery 1 undefined "PukPuk jest apl... usługi innym. " (261)
INFO 8/24/2021, 1:06:40 AM  synced recovery
INFO 8/24/2021, 1:06:40 AM  added recovery 1 undefined "PukPuk jest apl...usługi innym. A" (262)
INFO 8/24/2021, 1:06:40 AM  synced recovery
INFO 8/24/2021, 1:06:42 AM  added recovery 1 undefined "PukPuk jest apl...Aplikacja nie o" (276)
INFO 8/24/2021, 1:06:42 AM  synced recovery
INFO 8/24/2021, 1:06:43 AM  added recovery 1 undefined "PukPuk jest apl...plikacja nie og" (277)
INFO 8/24/2021, 1:06:43 AM  synced recovery
INFO 8/24/2021, 1:06:45 AM  added recovery 1 undefined "PukPuk jest apl... Aplikacja nie " (275)
INFO 8/24/2021, 1:06:45 AM  synced recovery
INFO 8/24/2021, 1:06:45 AM  added recovery 1 undefined "PukPuk jest apl...Aplikacja nie o" (276)
INFO 8/24/2021, 1:06:45 AM  synced recovery
INFO 8/24/2021, 1:06:46 AM  added recovery 1 undefined "PukPuk jest apl...likacja nie org" (278)
INFO 8/24/2021, 1:06:46 AM  synced recovery
INFO 8/24/2021, 1:06:47 AM  added recovery 1 undefined "PukPuk jest apl...plikacja nie og" (277)
INFO 8/24/2021, 1:06:47 AM  synced recovery
INFO 8/24/2021, 1:06:50 AM  added recovery 1 undefined "PukPuk jest apl...icza użytkownik" (295)
INFO 8/24/2021, 1:06:50 AM  synced recovery
INFO 8/24/2021, 1:06:50 AM  added recovery 1 undefined "PukPuk jest apl...icza użytkownik" (295)
INFO 8/24/2021, 1:06:50 AM  synced recovery
INFO 8/24/2021, 1:06:50 AM  added recovery 1 undefined "PukPuk jest apl...cza użytkownikó" (296)
INFO 8/24/2021, 1:06:50 AM  synced recovery
INFO 8/24/2021, 1:06:51 AM  added recovery 1 undefined "PukPuk jest apl...żytkowników pow" (301)
INFO 8/24/2021, 1:06:51 AM  synced recovery
INFO 8/24/2021, 1:06:52 AM  added recovery 1 undefined "PukPuk jest apl...żytkowników poz" (301)
INFO 8/24/2021, 1:06:52 AM  synced recovery
INFO 8/24/2021, 1:06:52 AM  added recovery 1 undefined "PukPuk jest apl...żytkowników poz" (301)
INFO 8/24/2021, 1:06:52 AM  synced recovery
INFO 8/24/2021, 1:06:52 AM  added recovery 1 undefined "PukPuk jest apl...żytkowników pod" (301)
INFO 8/24/2021, 1:06:52 AM  synced recovery
INFO 8/24/2021, 1:06:54 AM  added recovery 1 undefined "PukPuk jest apl...ików pod względ" (308)
INFO 8/24/2021, 1:06:54 AM  synced recovery
INFO 8/24/2021, 1:06:54 AM  added recovery 1 undefined "PukPuk jest apl...ków pod względe" (309)
INFO 8/24/2021, 1:06:54 AM  synced recovery
INFO 8/24/2021, 1:06:55 AM  added recovery 1 undefined "PukPuk jest apl...od względem kaa" (314)
INFO 8/24/2021, 1:06:55 AM  synced recovery
INFO 8/24/2021, 1:06:56 AM  added recovery 1 undefined "PukPuk jest apl...od względem kat" (314)
INFO 8/24/2021, 1:06:56 AM  synced recovery
INFO 8/24/2021, 1:07:10 AM  added recovery 1 undefined "PukPuk jest apl... usług, także k" (335)
INFO 8/24/2021, 1:07:10 AM  synced recovery
INFO 8/24/2021, 1:07:13 AM  added recovery 1 undefined "PukPuk jest apl...a pewno znajdzi" (356)
INFO 8/24/2021, 1:07:13 AM  synced recovery
INFO 8/24/2021, 1:07:17 AM  [blur] 1
INFO 8/24/2021, 1:07:17 AM  [win] blur
INFO 8/24/2021, 1:07:31 AM  [focus] 1
INFO 8/24/2021, 1:07:31 AM  addRecentDocument
INFO 8/24/2021, 1:07:31 AM  added recovery 1 /home/karolproksa/Desktop/pukpuk-pitch null (0)
INFO 8/24/2021, 1:07:31 AM  synced recovery
INFO 8/24/2021, 1:07:31 AM  [blur] 1
INFO 8/24/2021, 1:07:31 AM  [win] blur
INFO 8/24/2021, 1:07:32 AM  [focus] 1
INFO 8/24/2021, 1:07:34 AM  [blur] 1
INFO 8/24/2021, 1:07:34 AM  [win] blur
INFO 8/24/2021, 1:07:36 AM  [focus] 1
INFO 8/24/2021, 1:07:36 AM  added recovery 1 /home/karolproksa/Desktop/pukpuk-pitch "PukPuk jest apl...coś dla siebie." (373)
INFO 8/24/2021, 1:07:36 AM  synced recovery
INFO 8/24/2021, 1:07:38 AM  added recovery 1 /home/karolproksa/Desktop/pukpuk-pitch "PukPuk jest apl... dla siebie.

P" (376)
INFO 8/24/2021, 1:07:38 AM  synced recovery
INFO 8/24/2021, 1:07:39 AM  added recovery 1 /home/karolproksa/Desktop/pukpuk-pitch "PukPuk jest apl...la siebie.

PRO" (378)
INFO 8/24/2021, 1:07:39 AM  synced recovery
INFO 8/24/2021, 1:07:39 AM  added recovery 1 /home/karolproksa/Desktop/pukpuk-pitch "PukPuk jest apl...a siebie.

PROB" (379)
INFO 8/24/2021, 1:07:39 AM  synced recovery
INFO 8/24/2021, 1:07:41 AM  added recovery 1 /home/karolproksa/Desktop/pukpuk-pitch "PukPuk jest apl...bie.

PROBLEM

" (384)
INFO 8/24/2021, 1:07:41 AM  synced recovery
INFO 8/24/2021, 1:07:42 AM  added recovery 1 /home/karolproksa/Desktop/pukpuk-pitch "PukPuk jest apl...ie.

PROBLEM

p" (385)
INFO 8/24/2021, 1:07:42 AM  synced recovery
INFO 8/24/2021, 1:07:43 AM  added recovery 1 /home/karolproksa/Desktop/pukpuk-pitch "PukPuk jest apl...e.

PROBLEM

pl" (386)
INFO 8/24/2021, 1:07:43 AM  synced recovery
INFO 8/24/2021, 1:07:44 AM  added recovery 1 /home/karolproksa/Desktop/pukpuk-pitch "PukPuk jest apl...ie.

PROBLEM

O" (385)
INFO 8/24/2021, 1:07:44 AM  synced recovery
INFO 8/24/2021, 1:07:57 AM  added recovery 1 /home/karolproksa/Desktop/pukpuk-pitch "PukPuk jest apl...przystosowany

" (412)
INFO 8/24/2021, 1:07:57 AM  synced recovery
INFO 8/24/2021, 1:07:58 AM  added recovery 1 /home/karolproksa/Desktop/pukpuk-pitch "PukPuk jest apl...rzystosowany

o" (413)
INFO 8/24/2021, 1:07:58 AM  synced recovery
INFO 8/24/2021, 1:08:01 AM  [blur] 1
INFO 8/24/2021, 1:08:01 AM  [win] blur
INFO 8/24/2021, 1:08:04 AM  [focus] 1
INFO 8/24/2021, 1:08:04 AM  added recovery 1 /home/karolproksa/Desktop/pukpuk-pitch null (0)
INFO 8/24/2021, 1:08:04 AM  synced recovery
INFO 8/24/2021, 1:08:06 AM  [blur] 1
INFO 8/24/2021, 1:08:06 AM  [win] blur
INFO 8/24/2021, 1:15:49 AM  [focus] 1
INFO 8/24/2021, 1:15:51 AM  added recovery 1 /home/karolproksa/Desktop/pukpuk-pitch "PukPuk jest apl...ofert jest dużo" (427)
INFO 8/24/2021, 1:15:51 AM  synced recovery
INFO 8/24/2021, 1:15:54 AM  [blur] 1
INFO 8/24/2021, 1:15:54 AM  [win] blur
INFO 8/24/2021, 1:15:54 AM  [focus] 1
INFO 8/24/2021, 1:15:55 AM  added recovery 1 /home/karolproksa/Desktop/pukpuk-pitch null (0)
INFO 8/24/2021, 1:15:55 AM  synced recovery
INFO 8/24/2021, 1:15:55 AM  synced recovery
INFO 8/24/2021, 1:15:55 AM  ----------------before-quit-----------------
INFO 8/24/2021, 1:15:55 AM  ------------------will-quit------------------
INFO 8/24/2021, 1:15:55 AM  -----------------quit------------------
INFO 8/24/2021, 1:15:55 AM  closeLogging
INFO 8/26/2021, 5:30:59 PM  ------------------start------------------
INFO 8/26/2021, 5:30:59 PM  typora version: 0.11.5
INFO 8/26/2021, 5:30:59 PM  [Raven] instanceKey = 0509624c-ff62-42d6-bb8e-347d6256e89d
INFO 8/26/2021, 5:30:59 PM  added recovery 1 null undefined (0)
INFO 8/26/2021, 5:30:59 PM  [focus] 1
INFO 8/26/2021, 5:30:59 PM  putAccelerator File -> &File
INFO 8/26/2021, 5:30:59 PM  putAccelerator Edit -> &Edit
INFO 8/26/2021, 5:30:59 PM  putAccelerator Paragraph -> &Paragraph
INFO 8/26/2021, 5:30:59 PM  putAccelerator Format -> F&ormat
INFO 8/26/2021, 5:30:59 PM  putAccelerator View -> &View
INFO 8/26/2021, 5:30:59 PM  putAccelerator Themes -> &Themes
INFO 8/26/2021, 5:30:59 PM  putAccelerator Help -> &Help
INFO 8/26/2021, 5:31:00 PM  [Raven] userId = d3e9326e-b2d0-48e9-8f48-82d218e055ff
INFO 8/26/2021, 5:31:00 PM  synced recovery
INFO 8/26/2021, 5:31:00 PM  handle document.loadInitData
INFO 8/26/2021, 5:31:00 PM  added recovery 1 undefined undefined (0)
INFO 8/26/2021, 5:31:00 PM  synced recovery
INFO 8/26/2021, 5:31:01 PM  added recovery 1 undefined "​              ...               " (109)
INFO 8/26/2021, 5:31:01 PM  synced recovery
INFO 8/26/2021, 5:31:01 PM  [blur] 1
INFO 8/26/2021, 5:31:01 PM  [win] blur
INFO 8/26/2021, 5:31:02 PM  [focus] 1
INFO 8/26/2021, 5:31:03 PM  added recovery 1 undefined "​              ...               " (109)
INFO 8/26/2021, 5:31:03 PM  synced recovery
INFO 8/26/2021, 5:31:04 PM  synced recovery
INFO 8/26/2021, 5:31:04 PM  ----------------before-quit-----------------
INFO 8/26/2021, 5:31:04 PM  ------------------will-quit------------------
INFO 8/26/2021, 5:31:04 PM  -----------------quit------------------
INFO 8/26/2021, 5:31:04 PM  closeLogging
INFO 9/4/2021, 7:26:13 PM  luanchFromDiffVersion, pre version is 0.11.5
INFO 9/4/2021, 7:26:13 PM  overwriteThemeFolder
INFO 9/4/2021, 7:26:13 PM  ------------------start------------------
INFO 9/4/2021, 7:26:13 PM  typora version: 0.11.8
INFO 9/4/2021, 7:26:13 PM  [Raven] instanceKey = f1d73690-1d66-4f6b-961b-3ec6394bc7af
INFO 9/4/2021, 7:26:13 PM  added recovery 1 null undefined (0)
INFO 9/4/2021, 7:26:13 PM  [focus] 1
INFO 9/4/2021, 7:26:13 PM  [Raven] userId = d3e9326e-b2d0-48e9-8f48-82d218e055ff
INFO 9/4/2021, 7:26:13 PM  synced recovery
INFO 9/4/2021, 7:26:13 PM  handle document.loadInitData
INFO 9/4/2021, 7:26:13 PM  added recovery 1 undefined undefined (0)
INFO 9/4/2021, 7:26:13 PM  synced recovery
INFO 9/4/2021, 7:26:15 PM  added recovery 1 undefined a (1)
INFO 9/4/2021, 7:26:15 PM  synced recovery
INFO 9/4/2021, 7:26:17 PM  added recovery 1 undefined  (0)
INFO 9/4/2021, 7:26:17 PM  synced recovery
INFO 9/4/2021, 7:26:18 PM  added recovery 1 undefined C (1)
INFO 9/4/2021, 7:26:18 PM  synced recovery
INFO 9/4/2021, 7:26:21 PM  added recovery 1 undefined Checko out TypeRac (18)
INFO 9/4/2021, 7:26:21 PM  synced recovery
INFO 9/4/2021, 7:26:22 PM  added recovery 1 undefined Checko out TypeRacer' (21)
INFO 9/4/2021, 7:26:22 PM  synced recovery
INFO 9/4/2021, 7:26:25 PM  added recovery 1 undefined Checko out TypeRacer's fresh new look! (38)
INFO 9/4/2021, 7:26:25 PM  synced recovery
INFO 9/4/2021, 7:26:28 PM  added recovery 1 undefined "Checko out Type...update ot the s" (63)
INFO 9/4/2021, 7:26:28 PM  synced recovery
INFO 9/4/2021, 7:26:32 PM  added recovery 1 undefined "Checko out Type...he sites interf" (74)
INFO 9/4/2021, 7:26:32 PM  synced recovery
INFO 9/4/2021, 7:26:35 PM  added recovery 1 undefined "Checko out Type...king it a lot c" (95)
INFO 9/4/2021, 7:26:35 PM  synced recovery
INFO 9/4/2021, 7:26:38 PM  added recovery 1 undefined "Checko out Type...and a fresh fee" (118)
INFO 9/4/2021, 7:26:38 PM  synced recovery
INFO 9/4/2021, 7:26:41 PM  added recovery 1 undefined "Checko out Type...h feel. It also" (128)
INFO 9/4/2021, 7:26:41 PM  synced recovery
INFO 9/4/2021, 7:26:44 PM  added recovery 1 undefined "Checko out Type...works on mobile" (144)
INFO 9/4/2021, 7:26:44 PM  synced recovery
INFO 9/4/2021, 7:26:44 PM  added recovery 1 undefined "Checko out Type...orks on mobile," (145)
INFO 9/4/2021, 7:26:44 PM  synced recovery
INFO 9/4/2021, 7:26:47 PM  added recovery 1 undefined "Checko out Type... you can play y" (163)
INFO 9/4/2021, 7:26:47 PM  synced recovery
INFO 9/4/2021, 7:26:51 PM  added recovery 1 undefined "Checko out Type...cer on the go! " (182)
INFO 9/4/2021, 7:26:51 PM  synced recovery
INFO 9/4/2021, 7:26:54 PM  added recovery 1 undefined "Checko out Type...Click Here To s" (197)
INFO 9/4/2021, 7:26:54 PM  synced recovery
INFO 9/4/2021, 7:26:54 PM  added recovery 1 undefined "Checko out Type...Click Here To S" (197)
INFO 9/4/2021, 7:26:54 PM  synced recovery
INFO 9/4/2021, 7:26:58 PM  added recovery 1 undefined "Checko out Type...ect your Theme." (214)
INFO 9/4/2021, 7:26:58 PM  synced recovery
INFO 9/4/2021, 7:27:00 PM  [blur] 1
INFO 9/4/2021, 7:27:00 PM  [win] blur
INFO 9/4/2021, 7:27:20 PM  [focus] 1
INFO 9/4/2021, 7:27:30 PM  added recovery 1 undefined "Checko out Type... your Theme.

S" (217)
INFO 9/4/2021, 7:27:30 PM  synced recovery
INFO 9/4/2021, 7:27:33 PM  added recovery 1 undefined "Checko out Type... i cie nie ma

" (242)
INFO 9/4/2021, 7:27:33 PM  synced recovery
INFO 9/4/2021, 7:27:34 PM  added recovery 1 undefined "Checko out Type... cie nie ma



" (244)
INFO 9/4/2021, 7:27:34 PM  synced recovery
INFO 9/4/2021, 7:27:34 PM  added recovery 1 undefined "Checko out Type...cie nie ma



d" (245)
INFO 9/4/2021, 7:27:34 PM  synced recovery
INFO 9/4/2021, 7:27:34 PM  added recovery 1 undefined "Checko out Type... nie ma



d

d" (248)
INFO 9/4/2021, 7:27:34 PM  synced recovery
INFO 9/4/2021, 7:27:35 PM  added recovery 1 undefined "Checko out Type...e nie ma



d

" (247)
INFO 9/4/2021, 7:27:35 PM  synced recovery
INFO 9/4/2021, 7:27:36 PM  added recovery 1 undefined  (0)
INFO 9/4/2021, 7:27:36 PM  synced recovery
INFO 9/4/2021, 7:27:38 PM  added recovery 1 undefined a (1)
INFO 9/4/2021, 7:27:38 PM  synced recovery
INFO 9/4/2021, 7:27:42 PM  added recovery 1 undefined aaaaaaa (7)
INFO 9/4/2021, 7:27:42 PM  synced recovery
INFO 9/4/2021, 7:27:53 PM  added recovery 1 undefined aaaaaaaA (8)
INFO 9/4/2021, 7:27:53 PM  synced recovery
INFO 9/4/2021, 7:27:57 PM  added recovery 1 undefined aaaaaaaAaaaas (13)
INFO 9/4/2021, 7:27:57 PM  synced recovery
INFO 9/4/2021, 7:28:01 PM  added recovery 1 undefined aaaaaaaAaaaaswwerta (19)
INFO 9/4/2021, 7:28:01 PM  synced recovery
INFO 9/4/2021, 7:28:03 PM  added recovery 1 undefined  (0)
INFO 9/4/2021, 7:28:03 PM  synced recovery
INFO 9/4/2021, 7:28:08 PM  synced recovery
INFO 9/4/2021, 7:28:08 PM  ----------------before-quit-----------------
INFO 9/4/2021, 7:28:08 PM  ------------------will-quit------------------
INFO 9/4/2021, 7:28:08 PM  -----------------quit------------------
INFO 9/4/2021, 7:28:08 PM  closeLogging
INFO 9/5/2021, 6:24:13 PM  ------------------start------------------
INFO 9/5/2021, 6:24:13 PM  typora version: 0.11.8
INFO 9/5/2021, 6:24:13 PM  addRecentDocument
INFO 9/5/2021, 6:24:13 PM  added recovery 1 /home/karolproksa/asd/dasdasd.md undefined (0)
INFO 9/5/2021, 6:24:13 PM  [Raven] instanceKey = 4baa38f5-5181-4441-8f51-509ad4b186e9
INFO 9/5/2021, 6:24:13 PM  [focus] 1
INFO 9/5/2021, 6:24:13 PM  synced recovery
INFO 9/5/2021, 6:24:13 PM  [Raven] userId = d3e9326e-b2d0-48e9-8f48-82d218e055ff
INFO 9/5/2021, 6:24:13 PM  handle document.loadInitData
INFO 9/5/2021, 6:24:14 PM  added recovery 1 /home/karolproksa/asd/dasdasd.md undefined (0)
INFO 9/5/2021, 6:24:14 PM  synced recovery
INFO 9/5/2021, 6:24:15 PM  synced recovery
INFO 9/5/2021, 6:24:15 PM  ----------------before-quit-----------------
INFO 9/5/2021, 6:24:15 PM  ------------------will-quit------------------
INFO 9/5/2021, 6:24:15 PM  -----------------quit------------------
INFO 9/5/2021, 6:24:15 PM  closeLogging
INFO 9/9/2021, 6:42:33 PM  ------------------start------------------
INFO 9/9/2021, 6:42:33 PM  typora version: 0.11.8
INFO 9/9/2021, 6:42:33 PM  addRecentDocument
INFO 9/9/2021, 6:42:33 PM  added recovery 1 /home/karolproksa/the-content-protocol-dapp/README.md undefined (0)
INFO 9/9/2021, 6:42:33 PM  [Raven] instanceKey = eef1aa2e-8568-4d37-b479-5fc4824cf35c
INFO 9/9/2021, 6:42:33 PM  [Raven] userId = d3e9326e-b2d0-48e9-8f48-82d218e055ff
INFO 9/9/2021, 6:42:33 PM  [focus] 1
INFO 9/9/2021, 6:42:33 PM  synced recovery
INFO 9/9/2021, 6:42:34 PM  handle document.loadInitData
INFO 9/9/2021, 6:42:34 PM  added recovery 1 /home/karolproksa/the-content-protocol-dapp/README.md undefined (0)
INFO 9/9/2021, 6:42:34 PM  synced recovery
INFO 9/9/2021, 6:42:35 PM  synced recovery
INFO 9/9/2021, 6:42:35 PM  ----------------before-quit-----------------
INFO 9/9/2021, 6:42:35 PM  ------------------will-quit------------------
INFO 9/9/2021, 6:42:35 PM  -----------------quit------------------
INFO 9/9/2021, 6:42:35 PM  closeLogging
